running egg_info
writing ../../build/snakebot_py_code/snakebot_py_code.egg-info/PKG-INFO
writing dependency_links to ../../build/snakebot_py_code/snakebot_py_code.egg-info/dependency_links.txt
writing entry points to ../../build/snakebot_py_code/snakebot_py_code.egg-info/entry_points.txt
writing requirements to ../../build/snakebot_py_code/snakebot_py_code.egg-info/requires.txt
writing top-level names to ../../build/snakebot_py_code/snakebot_py_code.egg-info/top_level.txt
reading manifest file '../../build/snakebot_py_code/snakebot_py_code.egg-info/SOURCES.txt'
writing manifest file '../../build/snakebot_py_code/snakebot_py_code.egg-info/SOURCES.txt'
running build
running build_py
running install
running install_lib
running install_data
copying package.xml -> /home/hahnlam/snakebot_ws/install/snakebot_py_code/share/snakebot_py_code
running install_egg_info
removing '/home/hahnlam/snakebot_ws/install/snakebot_py_code/lib/python3.10/site-packages/snakebot_py_code-0.0.0-py3.10.egg-info' (and everything under it)
Copying ../../build/snakebot_py_code/snakebot_py_code.egg-info to /home/hahnlam/snakebot_ws/install/snakebot_py_code/lib/python3.10/site-packages/snakebot_py_code-0.0.0-py3.10.egg-info
running install_scripts
Installing simple_parameter script to /home/hahnlam/snakebot_ws/install/snakebot_py_code/lib/snakebot_py_code
Installing simple_publisher script to /home/hahnlam/snakebot_ws/install/snakebot_py_code/lib/snakebot_py_code
Installing simple_subscriber script to /home/hahnlam/snakebot_ws/install/snakebot_py_code/lib/snakebot_py_code
writing list of installed files to '/home/hahnlam/snakebot_ws/build/snakebot_py_code/install.log'
