[1.047s] DEBUG:colcon:Command line arguments: ['/usr/bin/colcon', 'build']
[1.047s] DEBUG:colcon:Parsed command line arguments: Namespace(log_base=None, log_level=None, verb_name='build', build_base='build', install_base='install', merge_install=False, symlink_install=False, test_result_base=None, continue_on_error=False, executor='parallel', parallel_workers=12, event_handlers=None, ignore_user_meta=False, metas=['./colcon.meta'], base_paths=['.'], packages_ignore=None, packages_ignore_regex=None, paths=None, packages_up_to=None, packages_up_to_regex=None, packages_above=None, packages_above_and_dependencies=None, packages_above_depth=None, packages_select_by_dep=None, packages_skip_by_dep=None, packages_skip_up_to=None, packages_select_build_failed=False, packages_skip_build_finished=False, packages_select_test_failures=False, packages_skip_test_passed=False, packages_select=None, packages_skip=None, packages_select_regex=None, packages_skip_regex=None, packages_start=None, packages_end=None, allow_overriding=[], cmake_args=None, cmake_target=None, cmake_target_skip_unavailable=False, cmake_clean_cache=False, cmake_clean_first=False, cmake_force_configure=False, ament_cmake_args=None, catkin_cmake_args=None, catkin_skip_building_tests=False, verb_parser=<colcon_defaults.argument_parser.defaults.DefaultArgumentsDecorator object at 0x7f7c78a32f80>, verb_extension=<colcon_core.verb.build.BuildVerb object at 0x7f7c78f228c0>, main=<bound method BuildVerb.main of <colcon_core.verb.build.BuildVerb object at 0x7f7c78f228c0>>)
[1.091s] Level 1:colcon.colcon_core.package_discovery:discover_packages(colcon_meta) check parameters
[1.092s] Level 1:colcon.colcon_core.package_discovery:discover_packages(recursive) check parameters
[1.092s] Level 1:colcon.colcon_core.package_discovery:discover_packages(ignore) check parameters
[1.092s] Level 1:colcon.colcon_core.package_discovery:discover_packages(path) check parameters
[1.092s] Level 1:colcon.colcon_core.package_discovery:discover_packages(colcon_meta) discover
[1.092s] Level 1:colcon.colcon_core.package_discovery:discover_packages(recursive) discover
[1.092s] INFO:colcon.colcon_core.package_discovery:Crawling recursively for packages in '/home/hahnlam/snakebot_ws'
[1.092s] Level 1:colcon.colcon_core.package_identification:_identify(.) by extensions ['ignore', 'ignore_ament_install']
[1.092s] Level 1:colcon.colcon_core.package_identification:_identify(.) by extension 'ignore'
[1.092s] Level 1:colcon.colcon_core.package_identification:_identify(.) by extension 'ignore_ament_install'
[1.092s] Level 1:colcon.colcon_core.package_identification:_identify(.) by extensions ['colcon_pkg']
[1.092s] Level 1:colcon.colcon_core.package_identification:_identify(.) by extension 'colcon_pkg'
[1.092s] Level 1:colcon.colcon_core.package_identification:_identify(.) by extensions ['colcon_meta']
[1.092s] Level 1:colcon.colcon_core.package_identification:_identify(.) by extension 'colcon_meta'
[1.092s] Level 1:colcon.colcon_core.package_identification:_identify(.) by extensions ['ros']
[1.092s] Level 1:colcon.colcon_core.package_identification:_identify(.) by extension 'ros'
[1.102s] Level 1:colcon.colcon_core.package_identification:_identify(.) by extensions ['cmake', 'python']
[1.102s] Level 1:colcon.colcon_core.package_identification:_identify(.) by extension 'cmake'
[1.102s] Level 1:colcon.colcon_core.package_identification:_identify(.) by extension 'python'
[1.102s] Level 1:colcon.colcon_core.package_identification:_identify(.) by extensions ['python_setup_py']
[1.102s] Level 1:colcon.colcon_core.package_identification:_identify(.) by extension 'python_setup_py'
[1.102s] Level 1:colcon.colcon_core.package_identification:_identify(build) by extensions ['ignore', 'ignore_ament_install']
[1.102s] Level 1:colcon.colcon_core.package_identification:_identify(build) by extension 'ignore'
[1.102s] Level 1:colcon.colcon_core.package_identification:_identify(build) ignored
[1.102s] Level 1:colcon.colcon_core.package_identification:_identify(install) by extensions ['ignore', 'ignore_ament_install']
[1.102s] Level 1:colcon.colcon_core.package_identification:_identify(install) by extension 'ignore'
[1.102s] Level 1:colcon.colcon_core.package_identification:_identify(install) ignored
[1.102s] Level 1:colcon.colcon_core.package_identification:_identify(log) by extensions ['ignore', 'ignore_ament_install']
[1.102s] Level 1:colcon.colcon_core.package_identification:_identify(log) by extension 'ignore'
[1.102s] Level 1:colcon.colcon_core.package_identification:_identify(log) ignored
[1.103s] Level 1:colcon.colcon_core.package_identification:_identify(src) by extensions ['ignore', 'ignore_ament_install']
[1.103s] Level 1:colcon.colcon_core.package_identification:_identify(src) by extension 'ignore'
[1.103s] Level 1:colcon.colcon_core.package_identification:_identify(src) by extension 'ignore_ament_install'
[1.103s] Level 1:colcon.colcon_core.package_identification:_identify(src) by extensions ['colcon_pkg']
[1.103s] Level 1:colcon.colcon_core.package_identification:_identify(src) by extension 'colcon_pkg'
[1.103s] Level 1:colcon.colcon_core.package_identification:_identify(src) by extensions ['colcon_meta']
[1.103s] Level 1:colcon.colcon_core.package_identification:_identify(src) by extension 'colcon_meta'
[1.103s] Level 1:colcon.colcon_core.package_identification:_identify(src) by extensions ['ros']
[1.103s] Level 1:colcon.colcon_core.package_identification:_identify(src) by extension 'ros'
[1.103s] Level 1:colcon.colcon_core.package_identification:_identify(src) by extensions ['cmake', 'python']
[1.103s] Level 1:colcon.colcon_core.package_identification:_identify(src) by extension 'cmake'
[1.103s] Level 1:colcon.colcon_core.package_identification:_identify(src) by extension 'python'
[1.103s] Level 1:colcon.colcon_core.package_identification:_identify(src) by extensions ['python_setup_py']
[1.103s] Level 1:colcon.colcon_core.package_identification:_identify(src) by extension 'python_setup_py'
[1.103s] Level 1:colcon.colcon_core.package_identification:_identify(src/snakebot_cpp_code) by extensions ['ignore', 'ignore_ament_install']
[1.103s] Level 1:colcon.colcon_core.package_identification:_identify(src/snakebot_cpp_code) by extension 'ignore'
[1.103s] Level 1:colcon.colcon_core.package_identification:_identify(src/snakebot_cpp_code) by extension 'ignore_ament_install'
[1.103s] Level 1:colcon.colcon_core.package_identification:_identify(src/snakebot_cpp_code) by extensions ['colcon_pkg']
[1.103s] Level 1:colcon.colcon_core.package_identification:_identify(src/snakebot_cpp_code) by extension 'colcon_pkg'
[1.103s] Level 1:colcon.colcon_core.package_identification:_identify(src/snakebot_cpp_code) by extensions ['colcon_meta']
[1.103s] Level 1:colcon.colcon_core.package_identification:_identify(src/snakebot_cpp_code) by extension 'colcon_meta'
[1.103s] Level 1:colcon.colcon_core.package_identification:_identify(src/snakebot_cpp_code) by extensions ['ros']
[1.103s] Level 1:colcon.colcon_core.package_identification:_identify(src/snakebot_cpp_code) by extension 'ros'
[1.106s] DEBUG:colcon.colcon_core.package_identification:Package 'src/snakebot_cpp_code' with type 'ros.ament_cmake' and name 'snakebot_cpp_code'
[1.106s] Level 1:colcon.colcon_core.package_identification:_identify(src/snakebot_description) by extensions ['ignore', 'ignore_ament_install']
[1.106s] Level 1:colcon.colcon_core.package_identification:_identify(src/snakebot_description) by extension 'ignore'
[1.106s] Level 1:colcon.colcon_core.package_identification:_identify(src/snakebot_description) by extension 'ignore_ament_install'
[1.106s] Level 1:colcon.colcon_core.package_identification:_identify(src/snakebot_description) by extensions ['colcon_pkg']
[1.106s] Level 1:colcon.colcon_core.package_identification:_identify(src/snakebot_description) by extension 'colcon_pkg'
[1.106s] Level 1:colcon.colcon_core.package_identification:_identify(src/snakebot_description) by extensions ['colcon_meta']
[1.106s] Level 1:colcon.colcon_core.package_identification:_identify(src/snakebot_description) by extension 'colcon_meta'
[1.106s] Level 1:colcon.colcon_core.package_identification:_identify(src/snakebot_description) by extensions ['ros']
[1.106s] Level 1:colcon.colcon_core.package_identification:_identify(src/snakebot_description) by extension 'ros'
[1.106s] DEBUG:colcon.colcon_core.package_identification:Package 'src/snakebot_description' with type 'ros.ament_cmake' and name 'snakebot_description'
[1.107s] Level 1:colcon.colcon_core.package_identification:_identify(src/snakebot_py_code) by extensions ['ignore', 'ignore_ament_install']
[1.107s] Level 1:colcon.colcon_core.package_identification:_identify(src/snakebot_py_code) by extension 'ignore'
[1.107s] Level 1:colcon.colcon_core.package_identification:_identify(src/snakebot_py_code) by extension 'ignore_ament_install'
[1.107s] Level 1:colcon.colcon_core.package_identification:_identify(src/snakebot_py_code) by extensions ['colcon_pkg']
[1.107s] Level 1:colcon.colcon_core.package_identification:_identify(src/snakebot_py_code) by extension 'colcon_pkg'
[1.107s] Level 1:colcon.colcon_core.package_identification:_identify(src/snakebot_py_code) by extensions ['colcon_meta']
[1.107s] Level 1:colcon.colcon_core.package_identification:_identify(src/snakebot_py_code) by extension 'colcon_meta'
[1.107s] Level 1:colcon.colcon_core.package_identification:_identify(src/snakebot_py_code) by extensions ['ros']
[1.107s] Level 1:colcon.colcon_core.package_identification:_identify(src/snakebot_py_code) by extension 'ros'
[1.107s] DEBUG:colcon.colcon_core.package_identification:Package 'src/snakebot_py_code' with type 'ros.ament_python' and name 'snakebot_py_code'
[1.107s] Level 1:colcon.colcon_core.package_discovery:discover_packages(recursive) using defaults
[1.107s] Level 1:colcon.colcon_core.package_discovery:discover_packages(ignore) discover
[1.107s] Level 1:colcon.colcon_core.package_discovery:discover_packages(ignore) using defaults
[1.107s] Level 1:colcon.colcon_core.package_discovery:discover_packages(path) discover
[1.107s] Level 1:colcon.colcon_core.package_discovery:discover_packages(path) using defaults
[1.191s] Level 1:colcon.colcon_core.package_discovery:discover_packages(prefix_path) check parameters
[1.191s] Level 1:colcon.colcon_core.package_discovery:discover_packages(prefix_path) discover
[1.219s] DEBUG:colcon.colcon_installed_package_information.package_discovery:Found 3 installed packages in /home/hahnlam/snakebot_ws/install
[1.233s] DEBUG:colcon.colcon_installed_package_information.package_discovery:Found 364 installed packages in /opt/ros/iron
[1.244s] Level 1:colcon.colcon_core.package_discovery:discover_packages(prefix_path) using defaults
[1.329s] Level 5:colcon.colcon_core.verb:set package 'snakebot_cpp_code' build argument 'cmake_args' from command line to 'None'
[1.329s] Level 5:colcon.colcon_core.verb:set package 'snakebot_cpp_code' build argument 'cmake_target' from command line to 'None'
[1.329s] Level 5:colcon.colcon_core.verb:set package 'snakebot_cpp_code' build argument 'cmake_target_skip_unavailable' from command line to 'False'
[1.330s] Level 5:colcon.colcon_core.verb:set package 'snakebot_cpp_code' build argument 'cmake_clean_cache' from command line to 'False'
[1.330s] Level 5:colcon.colcon_core.verb:set package 'snakebot_cpp_code' build argument 'cmake_clean_first' from command line to 'False'
[1.330s] Level 5:colcon.colcon_core.verb:set package 'snakebot_cpp_code' build argument 'cmake_force_configure' from command line to 'False'
[1.330s] Level 5:colcon.colcon_core.verb:set package 'snakebot_cpp_code' build argument 'ament_cmake_args' from command line to 'None'
[1.330s] Level 5:colcon.colcon_core.verb:set package 'snakebot_cpp_code' build argument 'catkin_cmake_args' from command line to 'None'
[1.330s] Level 5:colcon.colcon_core.verb:set package 'snakebot_cpp_code' build argument 'catkin_skip_building_tests' from command line to 'False'
[1.330s] DEBUG:colcon.colcon_core.verb:Building package 'snakebot_cpp_code' with the following arguments: {'ament_cmake_args': None, 'build_base': '/home/hahnlam/snakebot_ws/build/snakebot_cpp_code', 'catkin_cmake_args': None, 'catkin_skip_building_tests': False, 'cmake_args': None, 'cmake_clean_cache': False, 'cmake_clean_first': False, 'cmake_force_configure': False, 'cmake_target': None, 'cmake_target_skip_unavailable': False, 'install_base': '/home/hahnlam/snakebot_ws/install/snakebot_cpp_code', 'merge_install': False, 'path': '/home/hahnlam/snakebot_ws/src/snakebot_cpp_code', 'symlink_install': False, 'test_result_base': None}
[1.343s] Level 5:colcon.colcon_core.verb:set package 'snakebot_description' build argument 'cmake_args' from command line to 'None'
[1.343s] Level 5:colcon.colcon_core.verb:set package 'snakebot_description' build argument 'cmake_target' from command line to 'None'
[1.343s] Level 5:colcon.colcon_core.verb:set package 'snakebot_description' build argument 'cmake_target_skip_unavailable' from command line to 'False'
[1.343s] Level 5:colcon.colcon_core.verb:set package 'snakebot_description' build argument 'cmake_clean_cache' from command line to 'False'
[1.344s] Level 5:colcon.colcon_core.verb:set package 'snakebot_description' build argument 'cmake_clean_first' from command line to 'False'
[1.344s] Level 5:colcon.colcon_core.verb:set package 'snakebot_description' build argument 'cmake_force_configure' from command line to 'False'
[1.344s] Level 5:colcon.colcon_core.verb:set package 'snakebot_description' build argument 'ament_cmake_args' from command line to 'None'
[1.344s] Level 5:colcon.colcon_core.verb:set package 'snakebot_description' build argument 'catkin_cmake_args' from command line to 'None'
[1.344s] Level 5:colcon.colcon_core.verb:set package 'snakebot_description' build argument 'catkin_skip_building_tests' from command line to 'False'
[1.344s] DEBUG:colcon.colcon_core.verb:Building package 'snakebot_description' with the following arguments: {'ament_cmake_args': None, 'build_base': '/home/hahnlam/snakebot_ws/build/snakebot_description', 'catkin_cmake_args': None, 'catkin_skip_building_tests': False, 'cmake_args': None, 'cmake_clean_cache': False, 'cmake_clean_first': False, 'cmake_force_configure': False, 'cmake_target': None, 'cmake_target_skip_unavailable': False, 'install_base': '/home/hahnlam/snakebot_ws/install/snakebot_description', 'merge_install': False, 'path': '/home/hahnlam/snakebot_ws/src/snakebot_description', 'symlink_install': False, 'test_result_base': None}
[1.357s] Level 5:colcon.colcon_core.verb:set package 'snakebot_py_code' build argument 'cmake_args' from command line to 'None'
[1.357s] Level 5:colcon.colcon_core.verb:set package 'snakebot_py_code' build argument 'cmake_target' from command line to 'None'
[1.357s] Level 5:colcon.colcon_core.verb:set package 'snakebot_py_code' build argument 'cmake_target_skip_unavailable' from command line to 'False'
[1.357s] Level 5:colcon.colcon_core.verb:set package 'snakebot_py_code' build argument 'cmake_clean_cache' from command line to 'False'
[1.357s] Level 5:colcon.colcon_core.verb:set package 'snakebot_py_code' build argument 'cmake_clean_first' from command line to 'False'
[1.357s] Level 5:colcon.colcon_core.verb:set package 'snakebot_py_code' build argument 'cmake_force_configure' from command line to 'False'
[1.357s] Level 5:colcon.colcon_core.verb:set package 'snakebot_py_code' build argument 'ament_cmake_args' from command line to 'None'
[1.357s] Level 5:colcon.colcon_core.verb:set package 'snakebot_py_code' build argument 'catkin_cmake_args' from command line to 'None'
[1.357s] Level 5:colcon.colcon_core.verb:set package 'snakebot_py_code' build argument 'catkin_skip_building_tests' from command line to 'False'
[1.358s] DEBUG:colcon.colcon_core.verb:Building package 'snakebot_py_code' with the following arguments: {'ament_cmake_args': None, 'build_base': '/home/hahnlam/snakebot_ws/build/snakebot_py_code', 'catkin_cmake_args': None, 'catkin_skip_building_tests': False, 'cmake_args': None, 'cmake_clean_cache': False, 'cmake_clean_first': False, 'cmake_force_configure': False, 'cmake_target': None, 'cmake_target_skip_unavailable': False, 'install_base': '/home/hahnlam/snakebot_ws/install/snakebot_py_code', 'merge_install': False, 'path': '/home/hahnlam/snakebot_ws/src/snakebot_py_code', 'symlink_install': False, 'test_result_base': None}
[1.371s] INFO:colcon.colcon_core.executor:Executing jobs using 'parallel' executor
[1.388s] DEBUG:colcon.colcon_parallel_executor.executor.parallel:run_until_complete
[1.388s] INFO:colcon.colcon_ros.task.ament_cmake.build:Building ROS package in '/home/hahnlam/snakebot_ws/src/snakebot_cpp_code' with build type 'ament_cmake'
[1.388s] INFO:colcon.colcon_cmake.task.cmake.build:Building CMake package in '/home/hahnlam/snakebot_ws/src/snakebot_cpp_code'
[1.404s] INFO:colcon.colcon_core.plugin_system:Skipping extension 'colcon_core.shell.bat': Not used on non-Windows systems
[1.404s] INFO:colcon.colcon_core.shell:Skip shell extension 'powershell' for command environment: Not usable outside of PowerShell
[1.404s] DEBUG:colcon.colcon_core.shell:Skip shell extension 'dsv' for command environment
[1.452s] INFO:colcon.colcon_ros.task.ament_cmake.build:Building ROS package in '/home/hahnlam/snakebot_ws/src/snakebot_description' with build type 'ament_cmake'
[1.453s] INFO:colcon.colcon_cmake.task.cmake.build:Building CMake package in '/home/hahnlam/snakebot_ws/src/snakebot_description'
[1.469s] INFO:colcon.colcon_core.shell:Skip shell extension 'powershell' for command environment: Not usable outside of PowerShell
[1.469s] DEBUG:colcon.colcon_core.shell:Skip shell extension 'dsv' for command environment
[1.529s] INFO:colcon.colcon_ros.task.ament_python.build:Building ROS package in '/home/hahnlam/snakebot_ws/src/snakebot_py_code' with build type 'ament_python'
[1.529s] Level 1:colcon.colcon_core.shell:create_environment_hook('snakebot_py_code', 'ament_prefix_path')
[1.545s] INFO:colcon.colcon_core.shell:Creating environment hook '/home/hahnlam/snakebot_ws/install/snakebot_py_code/share/snakebot_py_code/hook/ament_prefix_path.ps1'
[1.545s] INFO:colcon.colcon_core.shell:Creating environment descriptor '/home/hahnlam/snakebot_ws/install/snakebot_py_code/share/snakebot_py_code/hook/ament_prefix_path.dsv'
[1.546s] INFO:colcon.colcon_core.shell:Creating environment hook '/home/hahnlam/snakebot_ws/install/snakebot_py_code/share/snakebot_py_code/hook/ament_prefix_path.sh'
[1.561s] INFO:colcon.colcon_core.shell:Skip shell extension 'powershell' for command environment: Not usable outside of PowerShell
[1.561s] DEBUG:colcon.colcon_core.shell:Skip shell extension 'dsv' for command environment
[1.618s] DEBUG:colcon.colcon_core.event_handler.log_command:Invoking command in '/home/hahnlam/snakebot_ws/build/snakebot_cpp_code': CMAKE_PREFIX_PATH=${CMAKE_PREFIX_PATH}:/home/hahnlam/snakebot_ws/install/snakebot_py_code:/opt/ros/iron /usr/bin/cmake --build /home/hahnlam/snakebot_ws/build/snakebot_cpp_code -- -j12 -l12
[1.626s] DEBUG:colcon.colcon_core.event_handler.log_command:Invoking command in '/home/hahnlam/snakebot_ws/build/snakebot_description': CMAKE_PREFIX_PATH=${CMAKE_PREFIX_PATH}:/home/hahnlam/snakebot_ws/install/snakebot_py_code:/opt/ros/iron /usr/bin/cmake --build /home/hahnlam/snakebot_ws/build/snakebot_description -- -j12 -l12
[1.850s] INFO:colcon.colcon_core.task.python.build:Building Python package in '/home/hahnlam/snakebot_ws/src/snakebot_py_code'
[1.863s] INFO:colcon.colcon_core.shell:Skip shell extension 'powershell' for command environment: Not usable outside of PowerShell
[1.863s] DEBUG:colcon.colcon_core.shell:Skip shell extension 'dsv' for command environment
[1.909s] DEBUG:colcon.colcon_core.event_handler.log_command:Invoked command in '/home/hahnlam/snakebot_ws/build/snakebot_cpp_code' returned '0': CMAKE_PREFIX_PATH=${CMAKE_PREFIX_PATH}:/home/hahnlam/snakebot_ws/install/snakebot_py_code:/opt/ros/iron /usr/bin/cmake --build /home/hahnlam/snakebot_ws/build/snakebot_cpp_code -- -j12 -l12
[1.913s] DEBUG:colcon.colcon_core.event_handler.log_command:Invoked command in '/home/hahnlam/snakebot_ws/build/snakebot_description' returned '0': CMAKE_PREFIX_PATH=${CMAKE_PREFIX_PATH}:/home/hahnlam/snakebot_ws/install/snakebot_py_code:/opt/ros/iron /usr/bin/cmake --build /home/hahnlam/snakebot_ws/build/snakebot_description -- -j12 -l12
[1.935s] DEBUG:colcon.colcon_core.event_handler.log_command:Invoking command in '/home/hahnlam/snakebot_ws/build/snakebot_cpp_code': CMAKE_PREFIX_PATH=${CMAKE_PREFIX_PATH}:/home/hahnlam/snakebot_ws/install/snakebot_py_code:/opt/ros/iron /usr/bin/cmake --install /home/hahnlam/snakebot_ws/build/snakebot_cpp_code
[1.938s] DEBUG:colcon.colcon_core.event_handler.log_command:Invoking command in '/home/hahnlam/snakebot_ws/build/snakebot_description': CMAKE_PREFIX_PATH=${CMAKE_PREFIX_PATH}:/home/hahnlam/snakebot_ws/install/snakebot_py_code:/opt/ros/iron /usr/bin/cmake --install /home/hahnlam/snakebot_ws/build/snakebot_description
[1.944s] Level 1:colcon.colcon_core.environment:create_environment_scripts_only(snakebot_cpp_code)
[1.950s] DEBUG:colcon.colcon_core.event_handler.log_command:Invoked command in '/home/hahnlam/snakebot_ws/build/snakebot_cpp_code' returned '0': CMAKE_PREFIX_PATH=${CMAKE_PREFIX_PATH}:/home/hahnlam/snakebot_ws/install/snakebot_py_code:/opt/ros/iron /usr/bin/cmake --install /home/hahnlam/snakebot_ws/build/snakebot_cpp_code
[1.967s] Level 1:colcon.colcon_core.environment:checking '/home/hahnlam/snakebot_ws/install/snakebot_cpp_code' for CMake module files
[1.968s] Level 1:colcon.colcon_core.environment:checking '/home/hahnlam/snakebot_ws/install/snakebot_cpp_code' for CMake config files
[1.968s] Level 1:colcon.colcon_core.shell:create_environment_hook('snakebot_cpp_code', 'cmake_prefix_path')
[1.982s] INFO:colcon.colcon_core.shell:Creating environment hook '/home/hahnlam/snakebot_ws/install/snakebot_cpp_code/share/snakebot_cpp_code/hook/cmake_prefix_path.ps1'
[1.982s] INFO:colcon.colcon_core.shell:Creating environment descriptor '/home/hahnlam/snakebot_ws/install/snakebot_cpp_code/share/snakebot_cpp_code/hook/cmake_prefix_path.dsv'
[1.982s] INFO:colcon.colcon_core.shell:Creating environment hook '/home/hahnlam/snakebot_ws/install/snakebot_cpp_code/share/snakebot_cpp_code/hook/cmake_prefix_path.sh'
[1.983s] Level 1:colcon.colcon_core.environment:checking '/home/hahnlam/snakebot_ws/install/snakebot_cpp_code/bin'
[1.983s] Level 1:colcon.colcon_core.environment:checking '/home/hahnlam/snakebot_ws/install/snakebot_cpp_code/lib/pkgconfig/snakebot_cpp_code.pc'
[1.983s] Level 1:colcon.colcon_core.environment:checking '/home/hahnlam/snakebot_ws/install/snakebot_cpp_code/lib/python3.10/site-packages'
[1.984s] Level 1:colcon.colcon_core.environment:checking '/home/hahnlam/snakebot_ws/install/snakebot_cpp_code/bin'
[1.998s] INFO:colcon.colcon_core.shell:Creating package script '/home/hahnlam/snakebot_ws/install/snakebot_cpp_code/share/snakebot_cpp_code/package.ps1'
[1.999s] INFO:colcon.colcon_core.shell:Creating package descriptor '/home/hahnlam/snakebot_ws/install/snakebot_cpp_code/share/snakebot_cpp_code/package.dsv'
[1.999s] INFO:colcon.colcon_core.shell:Creating package script '/home/hahnlam/snakebot_ws/install/snakebot_cpp_code/share/snakebot_cpp_code/package.sh'
[2.000s] INFO:colcon.colcon_core.shell:Creating package script '/home/hahnlam/snakebot_ws/install/snakebot_cpp_code/share/snakebot_cpp_code/package.bash'
[2.000s] INFO:colcon.colcon_core.shell:Creating package script '/home/hahnlam/snakebot_ws/install/snakebot_cpp_code/share/snakebot_cpp_code/package.zsh'
[2.001s] Level 1:colcon.colcon_core.environment:create_file_with_runtime_dependencies(/home/hahnlam/snakebot_ws/install/snakebot_cpp_code/share/colcon-core/packages/snakebot_cpp_code)
[2.003s] Level 1:colcon.colcon_core.environment:create_environment_scripts_only(snakebot_description)
[2.005s] DEBUG:colcon.colcon_core.event_handler.log_command:Invoked command in '/home/hahnlam/snakebot_ws/build/snakebot_description' returned '0': CMAKE_PREFIX_PATH=${CMAKE_PREFIX_PATH}:/home/hahnlam/snakebot_ws/install/snakebot_py_code:/opt/ros/iron /usr/bin/cmake --install /home/hahnlam/snakebot_ws/build/snakebot_description
[2.020s] Level 1:colcon.colcon_core.environment:checking '/home/hahnlam/snakebot_ws/install/snakebot_description' for CMake module files
[2.021s] Level 1:colcon.colcon_core.environment:checking '/home/hahnlam/snakebot_ws/install/snakebot_description' for CMake config files
[2.021s] Level 1:colcon.colcon_core.shell:create_environment_hook('snakebot_description', 'cmake_prefix_path')
[2.036s] INFO:colcon.colcon_core.shell:Creating environment hook '/home/hahnlam/snakebot_ws/install/snakebot_description/share/snakebot_description/hook/cmake_prefix_path.ps1'
[2.036s] INFO:colcon.colcon_core.shell:Creating environment descriptor '/home/hahnlam/snakebot_ws/install/snakebot_description/share/snakebot_description/hook/cmake_prefix_path.dsv'
[2.036s] INFO:colcon.colcon_core.shell:Creating environment hook '/home/hahnlam/snakebot_ws/install/snakebot_description/share/snakebot_description/hook/cmake_prefix_path.sh'
[2.037s] Level 1:colcon.colcon_core.environment:checking '/home/hahnlam/snakebot_ws/install/snakebot_description/bin'
[2.037s] Level 1:colcon.colcon_core.environment:checking '/home/hahnlam/snakebot_ws/install/snakebot_description/lib/pkgconfig/snakebot_description.pc'
[2.037s] Level 1:colcon.colcon_core.environment:checking '/home/hahnlam/snakebot_ws/install/snakebot_description/lib/python3.10/site-packages'
[2.037s] Level 1:colcon.colcon_core.environment:checking '/home/hahnlam/snakebot_ws/install/snakebot_description/bin'
[2.052s] INFO:colcon.colcon_core.shell:Creating package script '/home/hahnlam/snakebot_ws/install/snakebot_description/share/snakebot_description/package.ps1'
[2.052s] INFO:colcon.colcon_core.shell:Creating package descriptor '/home/hahnlam/snakebot_ws/install/snakebot_description/share/snakebot_description/package.dsv'
[2.052s] INFO:colcon.colcon_core.shell:Creating package script '/home/hahnlam/snakebot_ws/install/snakebot_description/share/snakebot_description/package.sh'
[2.053s] INFO:colcon.colcon_core.shell:Creating package script '/home/hahnlam/snakebot_ws/install/snakebot_description/share/snakebot_description/package.bash'
[2.053s] INFO:colcon.colcon_core.shell:Creating package script '/home/hahnlam/snakebot_ws/install/snakebot_description/share/snakebot_description/package.zsh'
[2.054s] Level 1:colcon.colcon_core.environment:create_file_with_runtime_dependencies(/home/hahnlam/snakebot_ws/install/snakebot_description/share/colcon-core/packages/snakebot_description)
[2.070s] Level 1:colcon.colcon_core.environment:create_environment_scripts_only(snakebot_cpp_code)
[2.084s] Level 1:colcon.colcon_core.environment:checking '/home/hahnlam/snakebot_ws/install/snakebot_cpp_code' for CMake module files
[2.085s] Level 1:colcon.colcon_core.environment:checking '/home/hahnlam/snakebot_ws/install/snakebot_cpp_code' for CMake config files
[2.085s] Level 1:colcon.colcon_core.shell:create_environment_hook('snakebot_cpp_code', 'cmake_prefix_path')
[2.099s] INFO:colcon.colcon_core.shell:Creating environment hook '/home/hahnlam/snakebot_ws/install/snakebot_cpp_code/share/snakebot_cpp_code/hook/cmake_prefix_path.ps1'
[2.100s] INFO:colcon.colcon_core.shell:Creating environment descriptor '/home/hahnlam/snakebot_ws/install/snakebot_cpp_code/share/snakebot_cpp_code/hook/cmake_prefix_path.dsv'
[2.100s] INFO:colcon.colcon_core.shell:Creating environment hook '/home/hahnlam/snakebot_ws/install/snakebot_cpp_code/share/snakebot_cpp_code/hook/cmake_prefix_path.sh'
[2.101s] Level 1:colcon.colcon_core.environment:checking '/home/hahnlam/snakebot_ws/install/snakebot_cpp_code/bin'
[2.101s] Level 1:colcon.colcon_core.environment:checking '/home/hahnlam/snakebot_ws/install/snakebot_cpp_code/lib/pkgconfig/snakebot_cpp_code.pc'
[2.101s] Level 1:colcon.colcon_core.environment:checking '/home/hahnlam/snakebot_ws/install/snakebot_cpp_code/lib/python3.10/site-packages'
[2.101s] Level 1:colcon.colcon_core.environment:checking '/home/hahnlam/snakebot_ws/install/snakebot_cpp_code/bin'
[2.115s] INFO:colcon.colcon_core.shell:Creating package script '/home/hahnlam/snakebot_ws/install/snakebot_cpp_code/share/snakebot_cpp_code/package.ps1'
[2.115s] INFO:colcon.colcon_core.shell:Creating package descriptor '/home/hahnlam/snakebot_ws/install/snakebot_cpp_code/share/snakebot_cpp_code/package.dsv'
[2.116s] INFO:colcon.colcon_core.shell:Creating package script '/home/hahnlam/snakebot_ws/install/snakebot_cpp_code/share/snakebot_cpp_code/package.sh'
[2.116s] INFO:colcon.colcon_core.shell:Creating package script '/home/hahnlam/snakebot_ws/install/snakebot_cpp_code/share/snakebot_cpp_code/package.bash'
[2.116s] INFO:colcon.colcon_core.shell:Creating package script '/home/hahnlam/snakebot_ws/install/snakebot_cpp_code/share/snakebot_cpp_code/package.zsh'
[2.117s] Level 1:colcon.colcon_core.environment:create_file_with_runtime_dependencies(/home/hahnlam/snakebot_ws/install/snakebot_cpp_code/share/colcon-core/packages/snakebot_cpp_code)
[2.132s] Level 1:colcon.colcon_core.environment:create_environment_scripts_only(snakebot_description)
[2.148s] Level 1:colcon.colcon_core.environment:checking '/home/hahnlam/snakebot_ws/install/snakebot_description' for CMake module files
[2.148s] Level 1:colcon.colcon_core.environment:checking '/home/hahnlam/snakebot_ws/install/snakebot_description' for CMake config files
[2.148s] Level 1:colcon.colcon_core.shell:create_environment_hook('snakebot_description', 'cmake_prefix_path')
[2.167s] INFO:colcon.colcon_core.shell:Creating environment hook '/home/hahnlam/snakebot_ws/install/snakebot_description/share/snakebot_description/hook/cmake_prefix_path.ps1'
[2.168s] INFO:colcon.colcon_core.shell:Creating environment descriptor '/home/hahnlam/snakebot_ws/install/snakebot_description/share/snakebot_description/hook/cmake_prefix_path.dsv'
[2.168s] INFO:colcon.colcon_core.shell:Creating environment hook '/home/hahnlam/snakebot_ws/install/snakebot_description/share/snakebot_description/hook/cmake_prefix_path.sh'
[2.168s] Level 1:colcon.colcon_core.environment:checking '/home/hahnlam/snakebot_ws/install/snakebot_description/bin'
[2.168s] Level 1:colcon.colcon_core.environment:checking '/home/hahnlam/snakebot_ws/install/snakebot_description/lib/pkgconfig/snakebot_description.pc'
[2.169s] Level 1:colcon.colcon_core.environment:checking '/home/hahnlam/snakebot_ws/install/snakebot_description/lib/python3.10/site-packages'
[2.169s] Level 1:colcon.colcon_core.environment:checking '/home/hahnlam/snakebot_ws/install/snakebot_description/bin'
[2.183s] INFO:colcon.colcon_core.shell:Creating package script '/home/hahnlam/snakebot_ws/install/snakebot_description/share/snakebot_description/package.ps1'
[2.183s] INFO:colcon.colcon_core.shell:Creating package descriptor '/home/hahnlam/snakebot_ws/install/snakebot_description/share/snakebot_description/package.dsv'
[2.184s] INFO:colcon.colcon_core.shell:Creating package script '/home/hahnlam/snakebot_ws/install/snakebot_description/share/snakebot_description/package.sh'
[2.184s] INFO:colcon.colcon_core.shell:Creating package script '/home/hahnlam/snakebot_ws/install/snakebot_description/share/snakebot_description/package.bash'
[2.184s] INFO:colcon.colcon_core.shell:Creating package script '/home/hahnlam/snakebot_ws/install/snakebot_description/share/snakebot_description/package.zsh'
[2.185s] Level 1:colcon.colcon_core.environment:create_file_with_runtime_dependencies(/home/hahnlam/snakebot_ws/install/snakebot_description/share/colcon-core/packages/snakebot_description)
[2.225s] DEBUG:colcon.colcon_core.event_handler.log_command:Invoking command in '/home/hahnlam/snakebot_ws/src/snakebot_py_code': PYTHONPATH=/home/hahnlam/snakebot_ws/build/snakebot_py_code/prefix_override:/home/hahnlam/snakebot_ws/install/snakebot_py_code/lib/python3.10/site-packages:${PYTHONPATH} /usr/bin/python3 setup.py egg_info --egg-base ../../build/snakebot_py_code build --build-base /home/hahnlam/snakebot_ws/build/snakebot_py_code/build install --record /home/hahnlam/snakebot_ws/build/snakebot_py_code/install.log --single-version-externally-managed
[2.466s] DEBUG:colcon.colcon_core.event_handler.log_command:Invoked command in '/home/hahnlam/snakebot_ws/src/snakebot_py_code' returned '0': PYTHONPATH=/home/hahnlam/snakebot_ws/build/snakebot_py_code/prefix_override:/home/hahnlam/snakebot_ws/install/snakebot_py_code/lib/python3.10/site-packages:${PYTHONPATH} /usr/bin/python3 setup.py egg_info --egg-base ../../build/snakebot_py_code build --build-base /home/hahnlam/snakebot_ws/build/snakebot_py_code/build install --record /home/hahnlam/snakebot_ws/build/snakebot_py_code/install.log --single-version-externally-managed
[2.480s] Level 1:colcon.colcon_core.environment:checking '/home/hahnlam/snakebot_ws/install/snakebot_py_code' for CMake module files
[2.481s] Level 1:colcon.colcon_core.environment:checking '/home/hahnlam/snakebot_ws/install/snakebot_py_code' for CMake config files
[2.481s] Level 1:colcon.colcon_core.environment:checking '/home/hahnlam/snakebot_ws/install/snakebot_py_code/lib'
[2.481s] Level 1:colcon.colcon_core.environment:checking '/home/hahnlam/snakebot_ws/install/snakebot_py_code/bin'
[2.481s] Level 1:colcon.colcon_core.environment:checking '/home/hahnlam/snakebot_ws/install/snakebot_py_code/lib/pkgconfig/snakebot_py_code.pc'
[2.482s] Level 1:colcon.colcon_core.environment:checking '/home/hahnlam/snakebot_ws/install/snakebot_py_code/lib/python3.10/site-packages'
[2.482s] Level 1:colcon.colcon_core.shell:create_environment_hook('snakebot_py_code', 'pythonpath')
[2.497s] INFO:colcon.colcon_core.shell:Creating environment hook '/home/hahnlam/snakebot_ws/install/snakebot_py_code/share/snakebot_py_code/hook/pythonpath.ps1'
[2.498s] INFO:colcon.colcon_core.shell:Creating environment descriptor '/home/hahnlam/snakebot_ws/install/snakebot_py_code/share/snakebot_py_code/hook/pythonpath.dsv'
[2.498s] INFO:colcon.colcon_core.shell:Creating environment hook '/home/hahnlam/snakebot_ws/install/snakebot_py_code/share/snakebot_py_code/hook/pythonpath.sh'
[2.498s] Level 1:colcon.colcon_core.environment:checking '/home/hahnlam/snakebot_ws/install/snakebot_py_code/bin'
[2.499s] Level 1:colcon.colcon_core.environment:create_environment_scripts_only(snakebot_py_code)
[2.513s] INFO:colcon.colcon_core.shell:Creating package script '/home/hahnlam/snakebot_ws/install/snakebot_py_code/share/snakebot_py_code/package.ps1'
[2.513s] INFO:colcon.colcon_core.shell:Creating package descriptor '/home/hahnlam/snakebot_ws/install/snakebot_py_code/share/snakebot_py_code/package.dsv'
[2.514s] INFO:colcon.colcon_core.shell:Creating package script '/home/hahnlam/snakebot_ws/install/snakebot_py_code/share/snakebot_py_code/package.sh'
[2.514s] INFO:colcon.colcon_core.shell:Creating package script '/home/hahnlam/snakebot_ws/install/snakebot_py_code/share/snakebot_py_code/package.bash'
[2.514s] INFO:colcon.colcon_core.shell:Creating package script '/home/hahnlam/snakebot_ws/install/snakebot_py_code/share/snakebot_py_code/package.zsh'
[2.514s] Level 1:colcon.colcon_core.environment:create_file_with_runtime_dependencies(/home/hahnlam/snakebot_ws/install/snakebot_py_code/share/colcon-core/packages/snakebot_py_code)
[2.515s] DEBUG:colcon.colcon_parallel_executor.executor.parallel:closing loop
[2.515s] DEBUG:colcon.colcon_parallel_executor.executor.parallel:loop closed
[2.515s] DEBUG:colcon.colcon_parallel_executor.executor.parallel:run_until_complete finished with '0'
[2.515s] DEBUG:colcon.colcon_core.event_reactor:joining thread
[2.601s] INFO:colcon.colcon_core.plugin_system:Skipping extension 'colcon_notification.desktop_notification.notify_send': Could not find 'notify-send'
[2.601s] INFO:colcon.colcon_core.plugin_system:Skipping extension 'colcon_notification.desktop_notification.terminal_notifier': Not used on non-Darwin systems
[2.601s] INFO:colcon.colcon_core.plugin_system:Skipping extension 'colcon_notification.desktop_notification.win32': Not used on non-Windows systems
[2.601s] INFO:colcon.colcon_notification.desktop_notification:Sending desktop notification using 'notify2'
[2.601s] DEBUG:colcon.colcon_notification.desktop_notification.notify2:Failed to initialize notify2: org.freedesktop.DBus.Error.FileNotFound: Failed to connect to socket /run/user/1000/bus: No such file or directory
[2.601s] DEBUG:colcon.colcon_core.event_reactor:joined thread
[2.615s] INFO:colcon.colcon_core.shell:Creating prefix script '/home/hahnlam/snakebot_ws/install/local_setup.ps1'
[2.616s] INFO:colcon.colcon_core.shell:Creating prefix util module '/home/hahnlam/snakebot_ws/install/_local_setup_util_ps1.py'
[2.617s] INFO:colcon.colcon_core.shell:Creating prefix chain script '/home/hahnlam/snakebot_ws/install/setup.ps1'
[2.633s] INFO:colcon.colcon_core.shell:Creating prefix script '/home/hahnlam/snakebot_ws/install/local_setup.sh'
[2.633s] INFO:colcon.colcon_core.shell:Creating prefix util module '/home/hahnlam/snakebot_ws/install/_local_setup_util_sh.py'
[2.634s] INFO:colcon.colcon_core.shell:Creating prefix chain script '/home/hahnlam/snakebot_ws/install/setup.sh'
[2.651s] INFO:colcon.colcon_core.shell:Creating prefix script '/home/hahnlam/snakebot_ws/install/local_setup.bash'
[2.651s] INFO:colcon.colcon_core.shell:Creating prefix chain script '/home/hahnlam/snakebot_ws/install/setup.bash'
[2.666s] INFO:colcon.colcon_core.shell:Creating prefix script '/home/hahnlam/snakebot_ws/install/local_setup.zsh'
[2.667s] INFO:colcon.colcon_core.shell:Creating prefix chain script '/home/hahnlam/snakebot_ws/install/setup.zsh'
