[0.209s] Invoking command in '/home/hahnlam/snakebot_ws/build/snakebot_cpp_code': CMAKE_PREFIX_PATH=${CMAKE_PREFIX_PATH}:/home/hahnlam/snakebot_ws/install/snakebot_py_code:/opt/ros/iron /usr/bin/cmake --build /home/hahnlam/snakebot_ws/build/snakebot_cpp_code -- -j12 -l12
[0.503s] Invoked command in '/home/hahnlam/snakebot_ws/build/snakebot_cpp_code' returned '0': CMAKE_PREFIX_PATH=${CMAKE_PREFIX_PATH}:/home/hahnlam/snakebot_ws/install/snakebot_py_code:/opt/ros/iron /usr/bin/cmake --build /home/hahnlam/snakebot_ws/build/snakebot_cpp_code -- -j12 -l12
[0.533s] Invoking command in '/home/hahnlam/snakebot_ws/build/snakebot_cpp_code': CMAKE_PREFIX_PATH=${CMAKE_PREFIX_PATH}:/home/hahnlam/snakebot_ws/install/snakebot_py_code:/opt/ros/iron /usr/bin/cmake --install /home/hahnlam/snakebot_ws/build/snakebot_cpp_code
[0.547s] -- Install configuration: ""
[0.547s] -- Up-to-date: /home/hahnlam/snakebot_ws/install/snakebot_cpp_code/share/ament_index/resource_index/package_run_dependencies/snakebot_cpp_code
[0.547s] -- Up-to-date: /home/hahnlam/snakebot_ws/install/snakebot_cpp_code/share/ament_index/resource_index/parent_prefix_path/snakebot_cpp_code
[0.548s] -- Up-to-date: /home/hahnlam/snakebot_ws/install/snakebot_cpp_code/share/snakebot_cpp_code/environment/ament_prefix_path.sh
[0.548s] -- Up-to-date: /home/hahnlam/snakebot_ws/install/snakebot_cpp_code/share/snakebot_cpp_code/environment/ament_prefix_path.dsv
[0.548s] -- Up-to-date: /home/hahnlam/snakebot_ws/install/snakebot_cpp_code/share/snakebot_cpp_code/environment/path.sh
[0.548s] -- Up-to-date: /home/hahnlam/snakebot_ws/install/snakebot_cpp_code/share/snakebot_cpp_code/environment/path.dsv
[0.548s] -- Up-to-date: /home/hahnlam/snakebot_ws/install/snakebot_cpp_code/share/snakebot_cpp_code/local_setup.bash
[0.548s] -- Up-to-date: /home/hahnlam/snakebot_ws/install/snakebot_cpp_code/share/snakebot_cpp_code/local_setup.sh
[0.549s] -- Up-to-date: /home/hahnlam/snakebot_ws/install/snakebot_cpp_code/share/snakebot_cpp_code/local_setup.zsh
[0.549s] -- Up-to-date: /home/hahnlam/snakebot_ws/install/snakebot_cpp_code/share/snakebot_cpp_code/local_setup.dsv
[0.549s] -- Installing: /home/hahnlam/snakebot_ws/install/snakebot_cpp_code/share/snakebot_cpp_code/package.dsv
[0.549s] -- Up-to-date: /home/hahnlam/snakebot_ws/install/snakebot_cpp_code/share/ament_index/resource_index/packages/snakebot_cpp_code
[0.549s] -- Up-to-date: /home/hahnlam/snakebot_ws/install/snakebot_cpp_code/share/snakebot_cpp_code/cmake/snakebot_cpp_codeConfig.cmake
[0.549s] -- Up-to-date: /home/hahnlam/snakebot_ws/install/snakebot_cpp_code/share/snakebot_cpp_code/cmake/snakebot_cpp_codeConfig-version.cmake
[0.549s] -- Up-to-date: /home/hahnlam/snakebot_ws/install/snakebot_cpp_code/share/snakebot_cpp_code/package.xml
[0.604s] Invoked command in '/home/hahnlam/snakebot_ws/build/snakebot_cpp_code' returned '0': CMAKE_PREFIX_PATH=${CMAKE_PREFIX_PATH}:/home/hahnlam/snakebot_ws/install/snakebot_py_code:/opt/ros/iron /usr/bin/cmake --install /home/hahnlam/snakebot_ws/build/snakebot_cpp_code
