[0.053s] Invoking command in '/home/hahnlam/snakebot_ws/build/snakebot_cpp_code': /usr/bin/cmake --build /home/hahnlam/snakebot_ws/build/snakebot_cpp_code -- -j12 -l12
[0.262s] Invoked command in '/home/hahnlam/snakebot_ws/build/snakebot_cpp_code' returned '0': /usr/bin/cmake --build /home/hahnlam/snakebot_ws/build/snakebot_cpp_code -- -j12 -l12
[0.284s] Invoking command in '/home/hahnlam/snakebot_ws/build/snakebot_cpp_code': /usr/bin/cmake --install /home/hahnlam/snakebot_ws/build/snakebot_cpp_code
[0.294s] -- Install configuration: ""
[0.295s] -- Up-to-date: /home/hahnlam/snakebot_ws/install/snakebot_cpp_code/share/ament_index/resource_index/package_run_dependencies/snakebot_cpp_code
[0.295s] -- Up-to-date: /home/hahnlam/snakebot_ws/install/snakebot_cpp_code/share/ament_index/resource_index/parent_prefix_path/snakebot_cpp_code
[0.295s] -- Up-to-date: /home/hahnlam/snakebot_ws/install/snakebot_cpp_code/share/snakebot_cpp_code/environment/ament_prefix_path.sh
[0.296s] -- Up-to-date: /home/hahnlam/snakebot_ws/install/snakebot_cpp_code/share/snakebot_cpp_code/environment/ament_prefix_path.dsv
[0.296s] -- Up-to-date: /home/hahnlam/snakebot_ws/install/snakebot_cpp_code/share/snakebot_cpp_code/environment/path.sh
[0.296s] -- Up-to-date: /home/hahnlam/snakebot_ws/install/snakebot_cpp_code/share/snakebot_cpp_code/environment/path.dsv
[0.296s] -- Up-to-date: /home/hahnlam/snakebot_ws/install/snakebot_cpp_code/share/snakebot_cpp_code/local_setup.bash
[0.296s] -- Up-to-date: /home/hahnlam/snakebot_ws/install/snakebot_cpp_code/share/snakebot_cpp_code/local_setup.sh
[0.296s] -- Up-to-date: /home/hahnlam/snakebot_ws/install/snakebot_cpp_code/share/snakebot_cpp_code/local_setup.zsh
[0.296s] -- Up-to-date: /home/hahnlam/snakebot_ws/install/snakebot_cpp_code/share/snakebot_cpp_code/local_setup.dsv
[0.296s] -- Up-to-date: /home/hahnlam/snakebot_ws/install/snakebot_cpp_code/share/snakebot_cpp_code/package.dsv
[0.296s] -- Up-to-date: /home/hahnlam/snakebot_ws/install/snakebot_cpp_code/share/ament_index/resource_index/packages/snakebot_cpp_code
[0.296s] -- Up-to-date: /home/hahnlam/snakebot_ws/install/snakebot_cpp_code/share/snakebot_cpp_code/cmake/snakebot_cpp_codeConfig.cmake
[0.296s] -- Up-to-date: /home/hahnlam/snakebot_ws/install/snakebot_cpp_code/share/snakebot_cpp_code/cmake/snakebot_cpp_codeConfig-version.cmake
[0.297s] -- Up-to-date: /home/hahnlam/snakebot_ws/install/snakebot_cpp_code/share/snakebot_cpp_code/package.xml
[0.299s] Invoked command in '/home/hahnlam/snakebot_ws/build/snakebot_cpp_code' returned '0': /usr/bin/cmake --install /home/hahnlam/snakebot_ws/build/snakebot_cpp_code
