[1.310s] DEBUG:colcon:Command line arguments: ['/usr/bin/colcon', 'build']
[1.311s] DEBUG:colcon:Parsed command line arguments: Namespace(log_base=None, log_level=None, verb_name='build', build_base='build', install_base='install', merge_install=False, symlink_install=False, test_result_base=None, continue_on_error=False, executor='parallel', parallel_workers=12, event_handlers=None, ignore_user_meta=False, metas=['./colcon.meta'], base_paths=['.'], packages_ignore=None, packages_ignore_regex=None, paths=None, packages_up_to=None, packages_up_to_regex=None, packages_above=None, packages_above_and_dependencies=None, packages_above_depth=None, packages_select_by_dep=None, packages_skip_by_dep=None, packages_skip_up_to=None, packages_select_build_failed=False, packages_skip_build_finished=False, packages_select_test_failures=False, packages_skip_test_passed=False, packages_select=None, packages_skip=None, packages_select_regex=None, packages_skip_regex=None, packages_start=None, packages_end=None, allow_overriding=[], cmake_args=None, cmake_target=None, cmake_target_skip_unavailable=False, cmake_clean_cache=False, cmake_clean_first=False, cmake_force_configure=False, ament_cmake_args=None, catkin_cmake_args=None, catkin_skip_building_tests=False, verb_parser=<colcon_defaults.argument_parser.defaults.DefaultArgumentsDecorator object at 0x7fd42086e2c0>, verb_extension=<colcon_core.verb.build.BuildVerb object at 0x7fd420d52920>, main=<bound method BuildVerb.main of <colcon_core.verb.build.BuildVerb object at 0x7fd420d52920>>)
[1.387s] Level 1:colcon.colcon_core.package_discovery:discover_packages(colcon_meta) check parameters
[1.388s] Level 1:colcon.colcon_core.package_discovery:discover_packages(recursive) check parameters
[1.388s] Level 1:colcon.colcon_core.package_discovery:discover_packages(ignore) check parameters
[1.388s] Level 1:colcon.colcon_core.package_discovery:discover_packages(path) check parameters
[1.388s] Level 1:colcon.colcon_core.package_discovery:discover_packages(colcon_meta) discover
[1.388s] Level 1:colcon.colcon_core.package_discovery:discover_packages(recursive) discover
[1.388s] INFO:colcon.colcon_core.package_discovery:Crawling recursively for packages in '/home/hahnlam/snakebot_ws'
[1.388s] Level 1:colcon.colcon_core.package_identification:_identify(.) by extensions ['ignore', 'ignore_ament_install']
[1.388s] Level 1:colcon.colcon_core.package_identification:_identify(.) by extension 'ignore'
[1.388s] Level 1:colcon.colcon_core.package_identification:_identify(.) by extension 'ignore_ament_install'
[1.389s] Level 1:colcon.colcon_core.package_identification:_identify(.) by extensions ['colcon_pkg']
[1.389s] Level 1:colcon.colcon_core.package_identification:_identify(.) by extension 'colcon_pkg'
[1.389s] Level 1:colcon.colcon_core.package_identification:_identify(.) by extensions ['colcon_meta']
[1.389s] Level 1:colcon.colcon_core.package_identification:_identify(.) by extension 'colcon_meta'
[1.389s] Level 1:colcon.colcon_core.package_identification:_identify(.) by extensions ['ros']
[1.389s] Level 1:colcon.colcon_core.package_identification:_identify(.) by extension 'ros'
[1.408s] Level 1:colcon.colcon_core.package_identification:_identify(.) by extensions ['cmake', 'python']
[1.408s] Level 1:colcon.colcon_core.package_identification:_identify(.) by extension 'cmake'
[1.408s] Level 1:colcon.colcon_core.package_identification:_identify(.) by extension 'python'
[1.408s] Level 1:colcon.colcon_core.package_identification:_identify(.) by extensions ['python_setup_py']
[1.408s] Level 1:colcon.colcon_core.package_identification:_identify(.) by extension 'python_setup_py'
[1.409s] Level 1:colcon.colcon_core.package_identification:_identify(build) by extensions ['ignore', 'ignore_ament_install']
[1.409s] Level 1:colcon.colcon_core.package_identification:_identify(build) by extension 'ignore'
[1.409s] Level 1:colcon.colcon_core.package_identification:_identify(build) ignored
[1.409s] Level 1:colcon.colcon_core.package_identification:_identify(install) by extensions ['ignore', 'ignore_ament_install']
[1.409s] Level 1:colcon.colcon_core.package_identification:_identify(install) by extension 'ignore'
[1.409s] Level 1:colcon.colcon_core.package_identification:_identify(install) ignored
[1.409s] Level 1:colcon.colcon_core.package_identification:_identify(log) by extensions ['ignore', 'ignore_ament_install']
[1.409s] Level 1:colcon.colcon_core.package_identification:_identify(log) by extension 'ignore'
[1.409s] Level 1:colcon.colcon_core.package_identification:_identify(log) ignored
[1.410s] Level 1:colcon.colcon_core.package_identification:_identify(src) by extensions ['ignore', 'ignore_ament_install']
[1.410s] Level 1:colcon.colcon_core.package_identification:_identify(src) by extension 'ignore'
[1.410s] Level 1:colcon.colcon_core.package_identification:_identify(src) by extension 'ignore_ament_install'
[1.410s] Level 1:colcon.colcon_core.package_identification:_identify(src) by extensions ['colcon_pkg']
[1.410s] Level 1:colcon.colcon_core.package_identification:_identify(src) by extension 'colcon_pkg'
[1.410s] Level 1:colcon.colcon_core.package_identification:_identify(src) by extensions ['colcon_meta']
[1.410s] Level 1:colcon.colcon_core.package_identification:_identify(src) by extension 'colcon_meta'
[1.410s] Level 1:colcon.colcon_core.package_identification:_identify(src) by extensions ['ros']
[1.410s] Level 1:colcon.colcon_core.package_identification:_identify(src) by extension 'ros'
[1.410s] Level 1:colcon.colcon_core.package_identification:_identify(src) by extensions ['cmake', 'python']
[1.410s] Level 1:colcon.colcon_core.package_identification:_identify(src) by extension 'cmake'
[1.410s] Level 1:colcon.colcon_core.package_identification:_identify(src) by extension 'python'
[1.411s] Level 1:colcon.colcon_core.package_identification:_identify(src) by extensions ['python_setup_py']
[1.411s] Level 1:colcon.colcon_core.package_identification:_identify(src) by extension 'python_setup_py'
[1.411s] Level 1:colcon.colcon_core.package_identification:_identify(src/snakebot_cpp_code) by extensions ['ignore', 'ignore_ament_install']
[1.411s] Level 1:colcon.colcon_core.package_identification:_identify(src/snakebot_cpp_code) by extension 'ignore'
[1.411s] Level 1:colcon.colcon_core.package_identification:_identify(src/snakebot_cpp_code) by extension 'ignore_ament_install'
[1.412s] Level 1:colcon.colcon_core.package_identification:_identify(src/snakebot_cpp_code) by extensions ['colcon_pkg']
[1.412s] Level 1:colcon.colcon_core.package_identification:_identify(src/snakebot_cpp_code) by extension 'colcon_pkg'
[1.412s] Level 1:colcon.colcon_core.package_identification:_identify(src/snakebot_cpp_code) by extensions ['colcon_meta']
[1.412s] Level 1:colcon.colcon_core.package_identification:_identify(src/snakebot_cpp_code) by extension 'colcon_meta'
[1.412s] Level 1:colcon.colcon_core.package_identification:_identify(src/snakebot_cpp_code) by extensions ['ros']
[1.412s] Level 1:colcon.colcon_core.package_identification:_identify(src/snakebot_cpp_code) by extension 'ros'
[1.415s] DEBUG:colcon.colcon_core.package_identification:Package 'src/snakebot_cpp_code' with type 'ros.ament_cmake' and name 'snakebot_cpp_code'
[1.415s] Level 1:colcon.colcon_core.package_identification:_identify(src/snakebot_description) by extensions ['ignore', 'ignore_ament_install']
[1.415s] Level 1:colcon.colcon_core.package_identification:_identify(src/snakebot_description) by extension 'ignore'
[1.415s] Level 1:colcon.colcon_core.package_identification:_identify(src/snakebot_description) by extension 'ignore_ament_install'
[1.415s] Level 1:colcon.colcon_core.package_identification:_identify(src/snakebot_description) by extensions ['colcon_pkg']
[1.416s] Level 1:colcon.colcon_core.package_identification:_identify(src/snakebot_description) by extension 'colcon_pkg'
[1.416s] Level 1:colcon.colcon_core.package_identification:_identify(src/snakebot_description) by extensions ['colcon_meta']
[1.416s] Level 1:colcon.colcon_core.package_identification:_identify(src/snakebot_description) by extension 'colcon_meta'
[1.416s] Level 1:colcon.colcon_core.package_identification:_identify(src/snakebot_description) by extensions ['ros']
[1.416s] Level 1:colcon.colcon_core.package_identification:_identify(src/snakebot_description) by extension 'ros'
[1.416s] DEBUG:colcon.colcon_core.package_identification:Package 'src/snakebot_description' with type 'ros.ament_cmake' and name 'snakebot_description'
[1.416s] Level 1:colcon.colcon_core.package_identification:_identify(src/snakebot_py_code) by extensions ['ignore', 'ignore_ament_install']
[1.417s] Level 1:colcon.colcon_core.package_identification:_identify(src/snakebot_py_code) by extension 'ignore'
[1.417s] Level 1:colcon.colcon_core.package_identification:_identify(src/snakebot_py_code) by extension 'ignore_ament_install'
[1.417s] Level 1:colcon.colcon_core.package_identification:_identify(src/snakebot_py_code) by extensions ['colcon_pkg']
[1.417s] Level 1:colcon.colcon_core.package_identification:_identify(src/snakebot_py_code) by extension 'colcon_pkg'
[1.417s] Level 1:colcon.colcon_core.package_identification:_identify(src/snakebot_py_code) by extensions ['colcon_meta']
[1.417s] Level 1:colcon.colcon_core.package_identification:_identify(src/snakebot_py_code) by extension 'colcon_meta'
[1.417s] Level 1:colcon.colcon_core.package_identification:_identify(src/snakebot_py_code) by extensions ['ros']
[1.417s] Level 1:colcon.colcon_core.package_identification:_identify(src/snakebot_py_code) by extension 'ros'
[1.417s] DEBUG:colcon.colcon_core.package_identification:Package 'src/snakebot_py_code' with type 'ros.ament_python' and name 'snakebot_py_code'
[1.418s] Level 1:colcon.colcon_core.package_discovery:discover_packages(recursive) using defaults
[1.418s] Level 1:colcon.colcon_core.package_discovery:discover_packages(ignore) discover
[1.418s] Level 1:colcon.colcon_core.package_discovery:discover_packages(ignore) using defaults
[1.418s] Level 1:colcon.colcon_core.package_discovery:discover_packages(path) discover
[1.418s] Level 1:colcon.colcon_core.package_discovery:discover_packages(path) using defaults
[1.527s] Level 1:colcon.colcon_core.package_discovery:discover_packages(prefix_path) check parameters
[1.527s] Level 1:colcon.colcon_core.package_discovery:discover_packages(prefix_path) discover
[1.562s] DEBUG:colcon.colcon_installed_package_information.package_discovery:Found 364 installed packages in /opt/ros/iron
[1.564s] Level 1:colcon.colcon_core.package_discovery:discover_packages(prefix_path) using defaults
[1.662s] Level 5:colcon.colcon_core.verb:set package 'snakebot_cpp_code' build argument 'cmake_args' from command line to 'None'
[1.662s] Level 5:colcon.colcon_core.verb:set package 'snakebot_cpp_code' build argument 'cmake_target' from command line to 'None'
[1.662s] Level 5:colcon.colcon_core.verb:set package 'snakebot_cpp_code' build argument 'cmake_target_skip_unavailable' from command line to 'False'
[1.662s] Level 5:colcon.colcon_core.verb:set package 'snakebot_cpp_code' build argument 'cmake_clean_cache' from command line to 'False'
[1.662s] Level 5:colcon.colcon_core.verb:set package 'snakebot_cpp_code' build argument 'cmake_clean_first' from command line to 'False'
[1.662s] Level 5:colcon.colcon_core.verb:set package 'snakebot_cpp_code' build argument 'cmake_force_configure' from command line to 'False'
[1.662s] Level 5:colcon.colcon_core.verb:set package 'snakebot_cpp_code' build argument 'ament_cmake_args' from command line to 'None'
[1.662s] Level 5:colcon.colcon_core.verb:set package 'snakebot_cpp_code' build argument 'catkin_cmake_args' from command line to 'None'
[1.662s] Level 5:colcon.colcon_core.verb:set package 'snakebot_cpp_code' build argument 'catkin_skip_building_tests' from command line to 'False'
[1.662s] DEBUG:colcon.colcon_core.verb:Building package 'snakebot_cpp_code' with the following arguments: {'ament_cmake_args': None, 'build_base': '/home/hahnlam/snakebot_ws/build/snakebot_cpp_code', 'catkin_cmake_args': None, 'catkin_skip_building_tests': False, 'cmake_args': None, 'cmake_clean_cache': False, 'cmake_clean_first': False, 'cmake_force_configure': False, 'cmake_target': None, 'cmake_target_skip_unavailable': False, 'install_base': '/home/hahnlam/snakebot_ws/install/snakebot_cpp_code', 'merge_install': False, 'path': '/home/hahnlam/snakebot_ws/src/snakebot_cpp_code', 'symlink_install': False, 'test_result_base': None}
[1.676s] Level 5:colcon.colcon_core.verb:set package 'snakebot_description' build argument 'cmake_args' from command line to 'None'
[1.676s] Level 5:colcon.colcon_core.verb:set package 'snakebot_description' build argument 'cmake_target' from command line to 'None'
[1.676s] Level 5:colcon.colcon_core.verb:set package 'snakebot_description' build argument 'cmake_target_skip_unavailable' from command line to 'False'
[1.676s] Level 5:colcon.colcon_core.verb:set package 'snakebot_description' build argument 'cmake_clean_cache' from command line to 'False'
[1.676s] Level 5:colcon.colcon_core.verb:set package 'snakebot_description' build argument 'cmake_clean_first' from command line to 'False'
[1.676s] Level 5:colcon.colcon_core.verb:set package 'snakebot_description' build argument 'cmake_force_configure' from command line to 'False'
[1.676s] Level 5:colcon.colcon_core.verb:set package 'snakebot_description' build argument 'ament_cmake_args' from command line to 'None'
[1.676s] Level 5:colcon.colcon_core.verb:set package 'snakebot_description' build argument 'catkin_cmake_args' from command line to 'None'
[1.676s] Level 5:colcon.colcon_core.verb:set package 'snakebot_description' build argument 'catkin_skip_building_tests' from command line to 'False'
[1.676s] DEBUG:colcon.colcon_core.verb:Building package 'snakebot_description' with the following arguments: {'ament_cmake_args': None, 'build_base': '/home/hahnlam/snakebot_ws/build/snakebot_description', 'catkin_cmake_args': None, 'catkin_skip_building_tests': False, 'cmake_args': None, 'cmake_clean_cache': False, 'cmake_clean_first': False, 'cmake_force_configure': False, 'cmake_target': None, 'cmake_target_skip_unavailable': False, 'install_base': '/home/hahnlam/snakebot_ws/install/snakebot_description', 'merge_install': False, 'path': '/home/hahnlam/snakebot_ws/src/snakebot_description', 'symlink_install': False, 'test_result_base': None}
[1.692s] Level 5:colcon.colcon_core.verb:set package 'snakebot_py_code' build argument 'cmake_args' from command line to 'None'
[1.692s] Level 5:colcon.colcon_core.verb:set package 'snakebot_py_code' build argument 'cmake_target' from command line to 'None'
[1.692s] Level 5:colcon.colcon_core.verb:set package 'snakebot_py_code' build argument 'cmake_target_skip_unavailable' from command line to 'False'
[1.692s] Level 5:colcon.colcon_core.verb:set package 'snakebot_py_code' build argument 'cmake_clean_cache' from command line to 'False'
[1.692s] Level 5:colcon.colcon_core.verb:set package 'snakebot_py_code' build argument 'cmake_clean_first' from command line to 'False'
[1.692s] Level 5:colcon.colcon_core.verb:set package 'snakebot_py_code' build argument 'cmake_force_configure' from command line to 'False'
[1.693s] Level 5:colcon.colcon_core.verb:set package 'snakebot_py_code' build argument 'ament_cmake_args' from command line to 'None'
[1.693s] Level 5:colcon.colcon_core.verb:set package 'snakebot_py_code' build argument 'catkin_cmake_args' from command line to 'None'
[1.693s] Level 5:colcon.colcon_core.verb:set package 'snakebot_py_code' build argument 'catkin_skip_building_tests' from command line to 'False'
[1.693s] DEBUG:colcon.colcon_core.verb:Building package 'snakebot_py_code' with the following arguments: {'ament_cmake_args': None, 'build_base': '/home/hahnlam/snakebot_ws/build/snakebot_py_code', 'catkin_cmake_args': None, 'catkin_skip_building_tests': False, 'cmake_args': None, 'cmake_clean_cache': False, 'cmake_clean_first': False, 'cmake_force_configure': False, 'cmake_target': None, 'cmake_target_skip_unavailable': False, 'install_base': '/home/hahnlam/snakebot_ws/install/snakebot_py_code', 'merge_install': False, 'path': '/home/hahnlam/snakebot_ws/src/snakebot_py_code', 'symlink_install': False, 'test_result_base': None}
[1.707s] INFO:colcon.colcon_core.executor:Executing jobs using 'parallel' executor
[1.722s] DEBUG:colcon.colcon_parallel_executor.executor.parallel:run_until_complete
[1.723s] INFO:colcon.colcon_ros.task.ament_cmake.build:Building ROS package in '/home/hahnlam/snakebot_ws/src/snakebot_cpp_code' with build type 'ament_cmake'
[1.723s] INFO:colcon.colcon_cmake.task.cmake.build:Building CMake package in '/home/hahnlam/snakebot_ws/src/snakebot_cpp_code'
[1.745s] INFO:colcon.colcon_core.plugin_system:Skipping extension 'colcon_core.shell.bat': Not used on non-Windows systems
[1.745s] INFO:colcon.colcon_core.shell:Skip shell extension 'powershell' for command environment: Not usable outside of PowerShell
[1.745s] DEBUG:colcon.colcon_core.shell:Skip shell extension 'dsv' for command environment
[1.778s] INFO:colcon.colcon_ros.task.ament_cmake.build:Building ROS package in '/home/hahnlam/snakebot_ws/src/snakebot_description' with build type 'ament_cmake'
[1.778s] INFO:colcon.colcon_cmake.task.cmake.build:Building CMake package in '/home/hahnlam/snakebot_ws/src/snakebot_description'
[1.793s] INFO:colcon.colcon_core.shell:Skip shell extension 'powershell' for command environment: Not usable outside of PowerShell
[1.793s] DEBUG:colcon.colcon_core.shell:Skip shell extension 'dsv' for command environment
[1.828s] INFO:colcon.colcon_ros.task.ament_python.build:Building ROS package in '/home/hahnlam/snakebot_ws/src/snakebot_py_code' with build type 'ament_python'
[1.829s] Level 1:colcon.colcon_core.shell:create_environment_hook('snakebot_py_code', 'ament_prefix_path')
[1.847s] INFO:colcon.colcon_core.shell:Creating environment hook '/home/hahnlam/snakebot_ws/install/snakebot_py_code/share/snakebot_py_code/hook/ament_prefix_path.ps1'
[1.848s] INFO:colcon.colcon_core.shell:Creating environment descriptor '/home/hahnlam/snakebot_ws/install/snakebot_py_code/share/snakebot_py_code/hook/ament_prefix_path.dsv'
[1.849s] INFO:colcon.colcon_core.shell:Creating environment hook '/home/hahnlam/snakebot_ws/install/snakebot_py_code/share/snakebot_py_code/hook/ament_prefix_path.sh'
[1.864s] INFO:colcon.colcon_core.shell:Skip shell extension 'powershell' for command environment: Not usable outside of PowerShell
[1.864s] DEBUG:colcon.colcon_core.shell:Skip shell extension 'dsv' for command environment
[1.904s] DEBUG:colcon.colcon_core.event_handler.log_command:Invoking command in '/home/hahnlam/snakebot_ws/build/snakebot_cpp_code': CMAKE_PREFIX_PATH=/opt/ros/iron /usr/bin/cmake --build /home/hahnlam/snakebot_ws/build/snakebot_cpp_code -- -j12 -l12
[1.917s] DEBUG:colcon.colcon_core.event_handler.log_command:Invoking command in '/home/hahnlam/snakebot_ws/build/snakebot_description': CMAKE_PREFIX_PATH=/opt/ros/iron /usr/bin/cmake --build /home/hahnlam/snakebot_ws/build/snakebot_description -- -j12 -l12
[2.179s] INFO:colcon.colcon_core.task.python.build:Building Python package in '/home/hahnlam/snakebot_ws/src/snakebot_py_code'
[2.203s] INFO:colcon.colcon_core.shell:Skip shell extension 'powershell' for command environment: Not usable outside of PowerShell
[2.203s] DEBUG:colcon.colcon_core.shell:Skip shell extension 'dsv' for command environment
[2.260s] DEBUG:colcon.colcon_core.event_handler.log_command:Invoked command in '/home/hahnlam/snakebot_ws/build/snakebot_cpp_code' returned '0': CMAKE_PREFIX_PATH=/opt/ros/iron /usr/bin/cmake --build /home/hahnlam/snakebot_ws/build/snakebot_cpp_code -- -j12 -l12
[2.297s] DEBUG:colcon.colcon_core.event_handler.log_command:Invoking command in '/home/hahnlam/snakebot_ws/build/snakebot_cpp_code': CMAKE_PREFIX_PATH=/opt/ros/iron /usr/bin/cmake --install /home/hahnlam/snakebot_ws/build/snakebot_cpp_code
[2.309s] Level 1:colcon.colcon_core.environment:create_environment_scripts_only(snakebot_cpp_code)
[2.310s] DEBUG:colcon.colcon_core.event_handler.log_command:Invoked command in '/home/hahnlam/snakebot_ws/build/snakebot_cpp_code' returned '0': CMAKE_PREFIX_PATH=/opt/ros/iron /usr/bin/cmake --install /home/hahnlam/snakebot_ws/build/snakebot_cpp_code
[2.338s] Level 1:colcon.colcon_core.environment:checking '/home/hahnlam/snakebot_ws/install/snakebot_cpp_code' for CMake module files
[2.339s] Level 1:colcon.colcon_core.environment:checking '/home/hahnlam/snakebot_ws/install/snakebot_cpp_code' for CMake config files
[2.339s] Level 1:colcon.colcon_core.shell:create_environment_hook('snakebot_cpp_code', 'cmake_prefix_path')
[2.358s] INFO:colcon.colcon_core.shell:Creating environment hook '/home/hahnlam/snakebot_ws/install/snakebot_cpp_code/share/snakebot_cpp_code/hook/cmake_prefix_path.ps1'
[2.359s] INFO:colcon.colcon_core.shell:Creating environment descriptor '/home/hahnlam/snakebot_ws/install/snakebot_cpp_code/share/snakebot_cpp_code/hook/cmake_prefix_path.dsv'
[2.360s] INFO:colcon.colcon_core.shell:Creating environment hook '/home/hahnlam/snakebot_ws/install/snakebot_cpp_code/share/snakebot_cpp_code/hook/cmake_prefix_path.sh'
[2.361s] Level 1:colcon.colcon_core.environment:checking '/home/hahnlam/snakebot_ws/install/snakebot_cpp_code/bin'
[2.361s] Level 1:colcon.colcon_core.environment:checking '/home/hahnlam/snakebot_ws/install/snakebot_cpp_code/lib/pkgconfig/snakebot_cpp_code.pc'
[2.362s] Level 1:colcon.colcon_core.environment:checking '/home/hahnlam/snakebot_ws/install/snakebot_cpp_code/lib/python3.10/site-packages'
[2.362s] Level 1:colcon.colcon_core.environment:checking '/home/hahnlam/snakebot_ws/install/snakebot_cpp_code/bin'
[2.383s] INFO:colcon.colcon_core.shell:Creating package script '/home/hahnlam/snakebot_ws/install/snakebot_cpp_code/share/snakebot_cpp_code/package.ps1'
[2.384s] INFO:colcon.colcon_core.shell:Creating package descriptor '/home/hahnlam/snakebot_ws/install/snakebot_cpp_code/share/snakebot_cpp_code/package.dsv'
[2.386s] INFO:colcon.colcon_core.shell:Creating package script '/home/hahnlam/snakebot_ws/install/snakebot_cpp_code/share/snakebot_cpp_code/package.sh'
[2.388s] INFO:colcon.colcon_core.shell:Creating package script '/home/hahnlam/snakebot_ws/install/snakebot_cpp_code/share/snakebot_cpp_code/package.bash'
[2.389s] INFO:colcon.colcon_core.shell:Creating package script '/home/hahnlam/snakebot_ws/install/snakebot_cpp_code/share/snakebot_cpp_code/package.zsh'
[2.389s] Level 1:colcon.colcon_core.environment:create_file_with_runtime_dependencies(/home/hahnlam/snakebot_ws/install/snakebot_cpp_code/share/colcon-core/packages/snakebot_cpp_code)
[2.392s] DEBUG:colcon.colcon_core.event_handler.log_command:Invoked command in '/home/hahnlam/snakebot_ws/build/snakebot_description' returned '0': CMAKE_PREFIX_PATH=/opt/ros/iron /usr/bin/cmake --build /home/hahnlam/snakebot_ws/build/snakebot_description -- -j12 -l12
[2.431s] Level 1:colcon.colcon_core.environment:create_environment_scripts_only(snakebot_cpp_code)
[2.450s] Level 1:colcon.colcon_core.environment:checking '/home/hahnlam/snakebot_ws/install/snakebot_cpp_code' for CMake module files
[2.450s] Level 1:colcon.colcon_core.environment:checking '/home/hahnlam/snakebot_ws/install/snakebot_cpp_code' for CMake config files
[2.450s] Level 1:colcon.colcon_core.shell:create_environment_hook('snakebot_cpp_code', 'cmake_prefix_path')
[2.470s] INFO:colcon.colcon_core.shell:Creating environment hook '/home/hahnlam/snakebot_ws/install/snakebot_cpp_code/share/snakebot_cpp_code/hook/cmake_prefix_path.ps1'
[2.470s] INFO:colcon.colcon_core.shell:Creating environment descriptor '/home/hahnlam/snakebot_ws/install/snakebot_cpp_code/share/snakebot_cpp_code/hook/cmake_prefix_path.dsv'
[2.471s] INFO:colcon.colcon_core.shell:Creating environment hook '/home/hahnlam/snakebot_ws/install/snakebot_cpp_code/share/snakebot_cpp_code/hook/cmake_prefix_path.sh'
[2.472s] Level 1:colcon.colcon_core.environment:checking '/home/hahnlam/snakebot_ws/install/snakebot_cpp_code/bin'
[2.472s] Level 1:colcon.colcon_core.environment:checking '/home/hahnlam/snakebot_ws/install/snakebot_cpp_code/lib/pkgconfig/snakebot_cpp_code.pc'
[2.472s] Level 1:colcon.colcon_core.environment:checking '/home/hahnlam/snakebot_ws/install/snakebot_cpp_code/lib/python3.10/site-packages'
[2.472s] Level 1:colcon.colcon_core.environment:checking '/home/hahnlam/snakebot_ws/install/snakebot_cpp_code/bin'
[2.492s] INFO:colcon.colcon_core.shell:Creating package script '/home/hahnlam/snakebot_ws/install/snakebot_cpp_code/share/snakebot_cpp_code/package.ps1'
[2.492s] INFO:colcon.colcon_core.shell:Creating package descriptor '/home/hahnlam/snakebot_ws/install/snakebot_cpp_code/share/snakebot_cpp_code/package.dsv'
[2.493s] INFO:colcon.colcon_core.shell:Creating package script '/home/hahnlam/snakebot_ws/install/snakebot_cpp_code/share/snakebot_cpp_code/package.sh'
[2.493s] INFO:colcon.colcon_core.shell:Creating package script '/home/hahnlam/snakebot_ws/install/snakebot_cpp_code/share/snakebot_cpp_code/package.bash'
[2.494s] INFO:colcon.colcon_core.shell:Creating package script '/home/hahnlam/snakebot_ws/install/snakebot_cpp_code/share/snakebot_cpp_code/package.zsh'
[2.494s] Level 1:colcon.colcon_core.environment:create_file_with_runtime_dependencies(/home/hahnlam/snakebot_ws/install/snakebot_cpp_code/share/colcon-core/packages/snakebot_cpp_code)
[2.498s] DEBUG:colcon.colcon_core.event_handler.log_command:Invoking command in '/home/hahnlam/snakebot_ws/build/snakebot_description': CMAKE_PREFIX_PATH=/opt/ros/iron /usr/bin/cmake --install /home/hahnlam/snakebot_ws/build/snakebot_description
[2.515s] Level 1:colcon.colcon_core.environment:create_environment_scripts_only(snakebot_description)
[2.516s] DEBUG:colcon.colcon_core.event_handler.log_command:Invoked command in '/home/hahnlam/snakebot_ws/build/snakebot_description' returned '0': CMAKE_PREFIX_PATH=/opt/ros/iron /usr/bin/cmake --install /home/hahnlam/snakebot_ws/build/snakebot_description
[2.536s] Level 1:colcon.colcon_core.environment:checking '/home/hahnlam/snakebot_ws/install/snakebot_description' for CMake module files
[2.537s] Level 1:colcon.colcon_core.environment:checking '/home/hahnlam/snakebot_ws/install/snakebot_description' for CMake config files
[2.537s] Level 1:colcon.colcon_core.shell:create_environment_hook('snakebot_description', 'cmake_prefix_path')
[2.557s] INFO:colcon.colcon_core.shell:Creating environment hook '/home/hahnlam/snakebot_ws/install/snakebot_description/share/snakebot_description/hook/cmake_prefix_path.ps1'
[2.558s] INFO:colcon.colcon_core.shell:Creating environment descriptor '/home/hahnlam/snakebot_ws/install/snakebot_description/share/snakebot_description/hook/cmake_prefix_path.dsv'
[2.559s] INFO:colcon.colcon_core.shell:Creating environment hook '/home/hahnlam/snakebot_ws/install/snakebot_description/share/snakebot_description/hook/cmake_prefix_path.sh'
[2.559s] Level 1:colcon.colcon_core.environment:checking '/home/hahnlam/snakebot_ws/install/snakebot_description/bin'
[2.560s] Level 1:colcon.colcon_core.environment:checking '/home/hahnlam/snakebot_ws/install/snakebot_description/lib/pkgconfig/snakebot_description.pc'
[2.560s] Level 1:colcon.colcon_core.environment:checking '/home/hahnlam/snakebot_ws/install/snakebot_description/lib/python3.10/site-packages'
[2.560s] Level 1:colcon.colcon_core.environment:checking '/home/hahnlam/snakebot_ws/install/snakebot_description/bin'
[2.588s] INFO:colcon.colcon_core.shell:Creating package script '/home/hahnlam/snakebot_ws/install/snakebot_description/share/snakebot_description/package.ps1'
[2.589s] INFO:colcon.colcon_core.shell:Creating package descriptor '/home/hahnlam/snakebot_ws/install/snakebot_description/share/snakebot_description/package.dsv'
[2.589s] INFO:colcon.colcon_core.shell:Creating package script '/home/hahnlam/snakebot_ws/install/snakebot_description/share/snakebot_description/package.sh'
[2.590s] INFO:colcon.colcon_core.shell:Creating package script '/home/hahnlam/snakebot_ws/install/snakebot_description/share/snakebot_description/package.bash'
[2.590s] INFO:colcon.colcon_core.shell:Creating package script '/home/hahnlam/snakebot_ws/install/snakebot_description/share/snakebot_description/package.zsh'
[2.590s] Level 1:colcon.colcon_core.environment:create_file_with_runtime_dependencies(/home/hahnlam/snakebot_ws/install/snakebot_description/share/colcon-core/packages/snakebot_description)
[2.640s] Level 1:colcon.colcon_core.environment:create_environment_scripts_only(snakebot_description)
[2.665s] Level 1:colcon.colcon_core.environment:checking '/home/hahnlam/snakebot_ws/install/snakebot_description' for CMake module files
[2.666s] Level 1:colcon.colcon_core.environment:checking '/home/hahnlam/snakebot_ws/install/snakebot_description' for CMake config files
[2.666s] Level 1:colcon.colcon_core.shell:create_environment_hook('snakebot_description', 'cmake_prefix_path')
[2.690s] INFO:colcon.colcon_core.shell:Creating environment hook '/home/hahnlam/snakebot_ws/install/snakebot_description/share/snakebot_description/hook/cmake_prefix_path.ps1'
[2.691s] INFO:colcon.colcon_core.shell:Creating environment descriptor '/home/hahnlam/snakebot_ws/install/snakebot_description/share/snakebot_description/hook/cmake_prefix_path.dsv'
[2.692s] INFO:colcon.colcon_core.shell:Creating environment hook '/home/hahnlam/snakebot_ws/install/snakebot_description/share/snakebot_description/hook/cmake_prefix_path.sh'
[2.692s] Level 1:colcon.colcon_core.environment:checking '/home/hahnlam/snakebot_ws/install/snakebot_description/bin'
[2.692s] Level 1:colcon.colcon_core.environment:checking '/home/hahnlam/snakebot_ws/install/snakebot_description/lib/pkgconfig/snakebot_description.pc'
[2.693s] Level 1:colcon.colcon_core.environment:checking '/home/hahnlam/snakebot_ws/install/snakebot_description/lib/python3.10/site-packages'
[2.693s] Level 1:colcon.colcon_core.environment:checking '/home/hahnlam/snakebot_ws/install/snakebot_description/bin'
[2.715s] INFO:colcon.colcon_core.shell:Creating package script '/home/hahnlam/snakebot_ws/install/snakebot_description/share/snakebot_description/package.ps1'
[2.715s] INFO:colcon.colcon_core.shell:Creating package descriptor '/home/hahnlam/snakebot_ws/install/snakebot_description/share/snakebot_description/package.dsv'
[2.716s] INFO:colcon.colcon_core.shell:Creating package script '/home/hahnlam/snakebot_ws/install/snakebot_description/share/snakebot_description/package.sh'
[2.717s] INFO:colcon.colcon_core.shell:Creating package script '/home/hahnlam/snakebot_ws/install/snakebot_description/share/snakebot_description/package.bash'
[2.717s] INFO:colcon.colcon_core.shell:Creating package script '/home/hahnlam/snakebot_ws/install/snakebot_description/share/snakebot_description/package.zsh'
[2.717s] Level 1:colcon.colcon_core.environment:create_file_with_runtime_dependencies(/home/hahnlam/snakebot_ws/install/snakebot_description/share/colcon-core/packages/snakebot_description)
[2.870s] DEBUG:colcon.colcon_core.event_handler.log_command:Invoking command in '/home/hahnlam/snakebot_ws/src/snakebot_py_code': PYTHONPATH=/home/hahnlam/snakebot_ws/build/snakebot_py_code/prefix_override:/home/hahnlam/snakebot_ws/install/snakebot_py_code/lib/python3.10/site-packages:${PYTHONPATH} /usr/bin/python3 setup.py egg_info --egg-base ../../build/snakebot_py_code build --build-base /home/hahnlam/snakebot_ws/build/snakebot_py_code/build install --record /home/hahnlam/snakebot_ws/build/snakebot_py_code/install.log --single-version-externally-managed
[3.242s] DEBUG:colcon.colcon_core.event_handler.log_command:Invoked command in '/home/hahnlam/snakebot_ws/src/snakebot_py_code' returned '0': PYTHONPATH=/home/hahnlam/snakebot_ws/build/snakebot_py_code/prefix_override:/home/hahnlam/snakebot_ws/install/snakebot_py_code/lib/python3.10/site-packages:${PYTHONPATH} /usr/bin/python3 setup.py egg_info --egg-base ../../build/snakebot_py_code build --build-base /home/hahnlam/snakebot_ws/build/snakebot_py_code/build install --record /home/hahnlam/snakebot_ws/build/snakebot_py_code/install.log --single-version-externally-managed
[3.264s] Level 1:colcon.colcon_core.environment:checking '/home/hahnlam/snakebot_ws/install/snakebot_py_code' for CMake module files
[3.265s] Level 1:colcon.colcon_core.environment:checking '/home/hahnlam/snakebot_ws/install/snakebot_py_code' for CMake config files
[3.266s] Level 1:colcon.colcon_core.environment:checking '/home/hahnlam/snakebot_ws/install/snakebot_py_code/lib'
[3.266s] Level 1:colcon.colcon_core.environment:checking '/home/hahnlam/snakebot_ws/install/snakebot_py_code/bin'
[3.266s] Level 1:colcon.colcon_core.environment:checking '/home/hahnlam/snakebot_ws/install/snakebot_py_code/lib/pkgconfig/snakebot_py_code.pc'
[3.267s] Level 1:colcon.colcon_core.environment:checking '/home/hahnlam/snakebot_ws/install/snakebot_py_code/lib/python3.10/site-packages'
[3.267s] Level 1:colcon.colcon_core.shell:create_environment_hook('snakebot_py_code', 'pythonpath')
[3.291s] INFO:colcon.colcon_core.shell:Creating environment hook '/home/hahnlam/snakebot_ws/install/snakebot_py_code/share/snakebot_py_code/hook/pythonpath.ps1'
[3.291s] INFO:colcon.colcon_core.shell:Creating environment descriptor '/home/hahnlam/snakebot_ws/install/snakebot_py_code/share/snakebot_py_code/hook/pythonpath.dsv'
[3.292s] INFO:colcon.colcon_core.shell:Creating environment hook '/home/hahnlam/snakebot_ws/install/snakebot_py_code/share/snakebot_py_code/hook/pythonpath.sh'
[3.293s] Level 1:colcon.colcon_core.environment:checking '/home/hahnlam/snakebot_ws/install/snakebot_py_code/bin'
[3.293s] Level 1:colcon.colcon_core.environment:create_environment_scripts_only(snakebot_py_code)
[3.317s] INFO:colcon.colcon_core.shell:Creating package script '/home/hahnlam/snakebot_ws/install/snakebot_py_code/share/snakebot_py_code/package.ps1'
[3.319s] INFO:colcon.colcon_core.shell:Creating package descriptor '/home/hahnlam/snakebot_ws/install/snakebot_py_code/share/snakebot_py_code/package.dsv'
[3.320s] INFO:colcon.colcon_core.shell:Creating package script '/home/hahnlam/snakebot_ws/install/snakebot_py_code/share/snakebot_py_code/package.sh'
[3.321s] INFO:colcon.colcon_core.shell:Creating package script '/home/hahnlam/snakebot_ws/install/snakebot_py_code/share/snakebot_py_code/package.bash'
[3.322s] INFO:colcon.colcon_core.shell:Creating package script '/home/hahnlam/snakebot_ws/install/snakebot_py_code/share/snakebot_py_code/package.zsh'
[3.322s] Level 1:colcon.colcon_core.environment:create_file_with_runtime_dependencies(/home/hahnlam/snakebot_ws/install/snakebot_py_code/share/colcon-core/packages/snakebot_py_code)
[3.322s] DEBUG:colcon.colcon_parallel_executor.executor.parallel:closing loop
[3.323s] DEBUG:colcon.colcon_parallel_executor.executor.parallel:loop closed
[3.324s] DEBUG:colcon.colcon_parallel_executor.executor.parallel:run_until_complete finished with '0'
[3.324s] DEBUG:colcon.colcon_core.event_reactor:joining thread
[3.456s] INFO:colcon.colcon_core.plugin_system:Skipping extension 'colcon_notification.desktop_notification.notify_send': Could not find 'notify-send'
[3.456s] INFO:colcon.colcon_core.plugin_system:Skipping extension 'colcon_notification.desktop_notification.terminal_notifier': Not used on non-Darwin systems
[3.456s] INFO:colcon.colcon_core.plugin_system:Skipping extension 'colcon_notification.desktop_notification.win32': Not used on non-Windows systems
[3.456s] INFO:colcon.colcon_notification.desktop_notification:Sending desktop notification using 'notify2'
[3.456s] DEBUG:colcon.colcon_notification.desktop_notification.notify2:Failed to initialize notify2: org.freedesktop.DBus.Error.FileNotFound: Failed to connect to socket /run/user/1000/bus: No such file or directory
[3.456s] DEBUG:colcon.colcon_core.event_reactor:joined thread
[3.475s] INFO:colcon.colcon_core.shell:Creating prefix script '/home/hahnlam/snakebot_ws/install/local_setup.ps1'
[3.477s] INFO:colcon.colcon_core.shell:Creating prefix util module '/home/hahnlam/snakebot_ws/install/_local_setup_util_ps1.py'
[3.479s] INFO:colcon.colcon_core.shell:Creating prefix chain script '/home/hahnlam/snakebot_ws/install/setup.ps1'
[3.501s] INFO:colcon.colcon_core.shell:Creating prefix script '/home/hahnlam/snakebot_ws/install/local_setup.sh'
[3.502s] INFO:colcon.colcon_core.shell:Creating prefix util module '/home/hahnlam/snakebot_ws/install/_local_setup_util_sh.py'
[3.503s] INFO:colcon.colcon_core.shell:Creating prefix chain script '/home/hahnlam/snakebot_ws/install/setup.sh'
[3.523s] INFO:colcon.colcon_core.shell:Creating prefix script '/home/hahnlam/snakebot_ws/install/local_setup.bash'
[3.524s] INFO:colcon.colcon_core.shell:Creating prefix chain script '/home/hahnlam/snakebot_ws/install/setup.bash'
[3.544s] INFO:colcon.colcon_core.shell:Creating prefix script '/home/hahnlam/snakebot_ws/install/local_setup.zsh'
[3.545s] INFO:colcon.colcon_core.shell:Creating prefix chain script '/home/hahnlam/snakebot_ws/install/setup.zsh'
