[0.731s] Invoking command in '/home/hahnlam/snakebot_ws/src/snakebot_py_code': PYTHONPATH=/home/hahnlam/snakebot_ws/build/snakebot_py_code/prefix_override:/home/hahnlam/snakebot_ws/install/snakebot_py_code/lib/python3.10/site-packages:${PYTHONPATH} /usr/bin/python3 setup.py egg_info --egg-base ../../build/snakebot_py_code build --build-base /home/hahnlam/snakebot_ws/build/snakebot_py_code/build install --record /home/hahnlam/snakebot_ws/build/snakebot_py_code/install.log --single-version-externally-managed
[0.957s] running egg_info
[0.957s] writing ../../build/snakebot_py_code/snakebot_py_code.egg-info/PKG-INFO
[0.958s] writing dependency_links to ../../build/snakebot_py_code/snakebot_py_code.egg-info/dependency_links.txt
[0.958s] writing entry points to ../../build/snakebot_py_code/snakebot_py_code.egg-info/entry_points.txt
[0.958s] writing requirements to ../../build/snakebot_py_code/snakebot_py_code.egg-info/requires.txt
[0.958s] writing top-level names to ../../build/snakebot_py_code/snakebot_py_code.egg-info/top_level.txt
[0.960s] reading manifest file '../../build/snakebot_py_code/snakebot_py_code.egg-info/SOURCES.txt'
[0.961s] writing manifest file '../../build/snakebot_py_code/snakebot_py_code.egg-info/SOURCES.txt'
[0.961s] running build
[0.961s] running build_py
[0.961s] copying snakebot_py_code/simple_publisher.py -> /home/hahnlam/snakebot_ws/build/snakebot_py_code/build/lib/snakebot_py_code
[0.961s] running install
[0.962s] /usr/lib/python3/dist-packages/setuptools/command/install.py:34: SetuptoolsDeprecationWarning: setup.py install is deprecated. Use build and pip and other standards-based tools.
[0.962s]   warnings.warn(
[0.962s] running install_lib
[0.963s] copying /home/hahnlam/snakebot_ws/build/snakebot_py_code/build/lib/snakebot_py_code/simple_publisher.py -> /home/hahnlam/snakebot_ws/install/snakebot_py_code/lib/python3.10/site-packages/snakebot_py_code
[0.963s] byte-compiling /home/hahnlam/snakebot_ws/install/snakebot_py_code/lib/python3.10/site-packages/snakebot_py_code/simple_publisher.py to simple_publisher.cpython-310.pyc
[0.964s] running install_data
[0.964s] running install_egg_info
[0.966s] removing '/home/hahnlam/snakebot_ws/install/snakebot_py_code/lib/python3.10/site-packages/snakebot_py_code-0.0.0-py3.10.egg-info' (and everything under it)
[0.966s] Copying ../../build/snakebot_py_code/snakebot_py_code.egg-info to /home/hahnlam/snakebot_ws/install/snakebot_py_code/lib/python3.10/site-packages/snakebot_py_code-0.0.0-py3.10.egg-info
[0.967s] running install_scripts
[0.985s] Installing simple_publisher script to /home/hahnlam/snakebot_ws/install/snakebot_py_code/lib/snakebot_py_code
[0.985s] Installing simple_subscriber script to /home/hahnlam/snakebot_ws/install/snakebot_py_code/lib/snakebot_py_code
[0.986s] writing list of installed files to '/home/hahnlam/snakebot_ws/build/snakebot_py_code/install.log'
[1.010s] Invoked command in '/home/hahnlam/snakebot_ws/src/snakebot_py_code' returned '0': PYTHONPATH=/home/hahnlam/snakebot_ws/build/snakebot_py_code/prefix_override:/home/hahnlam/snakebot_ws/install/snakebot_py_code/lib/python3.10/site-packages:${PYTHONPATH} /usr/bin/python3 setup.py egg_info --egg-base ../../build/snakebot_py_code build --build-base /home/hahnlam/snakebot_ws/build/snakebot_py_code/build install --record /home/hahnlam/snakebot_ws/build/snakebot_py_code/install.log --single-version-externally-managed
