[1.041s] Invoking command in '/home/hahnlam/snakebot_ws/src/snakebot_py_code': PYTHONPATH=/home/hahnlam/snakebot_ws/build/snakebot_py_code/prefix_override:/home/hahnlam/snakebot_ws/install/snakebot_py_code/lib/python3.10/site-packages:${PYTHONPATH} /usr/bin/python3 setup.py egg_info --egg-base ../../build/snakebot_py_code build --build-base /home/hahnlam/snakebot_ws/build/snakebot_py_code/build install --record /home/hahnlam/snakebot_ws/build/snakebot_py_code/install.log --single-version-externally-managed
[1.329s] running egg_info
[1.330s] writing ../../build/snakebot_py_code/snakebot_py_code.egg-info/PKG-INFO
[1.331s] writing dependency_links to ../../build/snakebot_py_code/snakebot_py_code.egg-info/dependency_links.txt
[1.332s] writing entry points to ../../build/snakebot_py_code/snakebot_py_code.egg-info/entry_points.txt
[1.333s] writing requirements to ../../build/snakebot_py_code/snakebot_py_code.egg-info/requires.txt
[1.333s] writing top-level names to ../../build/snakebot_py_code/snakebot_py_code.egg-info/top_level.txt
[1.338s] reading manifest file '../../build/snakebot_py_code/snakebot_py_code.egg-info/SOURCES.txt'
[1.340s] writing manifest file '../../build/snakebot_py_code/snakebot_py_code.egg-info/SOURCES.txt'
[1.340s] running build
[1.340s] running build_py
[1.341s] running install
[1.342s] /usr/lib/python3/dist-packages/setuptools/command/install.py:34: SetuptoolsDeprecationWarning: setup.py install is deprecated. Use build and pip and other standards-based tools.
[1.342s]   warnings.warn(
[1.342s] running install_lib
[1.344s] running install_data
[1.344s] copying package.xml -> /home/hahnlam/snakebot_ws/install/snakebot_py_code/share/snakebot_py_code
[1.345s] running install_egg_info
[1.347s] removing '/home/hahnlam/snakebot_ws/install/snakebot_py_code/lib/python3.10/site-packages/snakebot_py_code-0.0.0-py3.10.egg-info' (and everything under it)
[1.350s] Copying ../../build/snakebot_py_code/snakebot_py_code.egg-info to /home/hahnlam/snakebot_ws/install/snakebot_py_code/lib/python3.10/site-packages/snakebot_py_code-0.0.0-py3.10.egg-info
[1.354s] running install_scripts
[1.380s] Installing parameter script to /home/hahnlam/snakebot_ws/install/snakebot_py_code/lib/snakebot_py_code
[1.381s] Installing simple_publisher script to /home/hahnlam/snakebot_ws/install/snakebot_py_code/lib/snakebot_py_code
[1.382s] Installing simple_subscriber script to /home/hahnlam/snakebot_ws/install/snakebot_py_code/lib/snakebot_py_code
[1.383s] writing list of installed files to '/home/hahnlam/snakebot_ws/build/snakebot_py_code/install.log'
[1.414s] Invoked command in '/home/hahnlam/snakebot_ws/src/snakebot_py_code' returned '0': PYTHONPATH=/home/hahnlam/snakebot_ws/build/snakebot_py_code/prefix_override:/home/hahnlam/snakebot_ws/install/snakebot_py_code/lib/python3.10/site-packages:${PYTHONPATH} /usr/bin/python3 setup.py egg_info --egg-base ../../build/snakebot_py_code build --build-base /home/hahnlam/snakebot_ws/build/snakebot_py_code/build install --record /home/hahnlam/snakebot_ws/build/snakebot_py_code/install.log --single-version-externally-managed
