[1.348s] DEBUG:colcon:Command line arguments: ['/usr/bin/colcon', 'list', '-p', '--base-paths', '/home/hahnlam/snakebot_ws']
[1.348s] DEBUG:colcon:Parsed command line arguments: Namespace(log_base=None, log_level=None, verb_name='list', build_base='build', ignore_user_meta=False, metas=['./colcon.meta'], base_paths=['/home/hahnlam/snakebot_ws'], packages_ignore=None, packages_ignore_regex=None, paths=None, packages_up_to=None, packages_up_to_regex=None, packages_above=None, packages_above_and_dependencies=None, packages_above_depth=None, packages_select_by_dep=None, packages_skip_by_dep=None, packages_skip_up_to=None, packages_select_build_failed=False, packages_skip_build_finished=False, packages_select_test_failures=False, packages_skip_test_passed=False, packages_select=None, packages_skip=None, packages_select_regex=None, packages_skip_regex=None, packages_start=None, packages_end=None, allow_overriding=[], topological_order=False, names_only=False, paths_only=True, topological_graph=False, topological_graph_dot=False, topological_graph_density=False, topological_graph_legend=False, topological_graph_dot_cluster=False, topological_graph_dot_include_skipped=False, verb_parser=<colcon_defaults.argument_parser.defaults.DefaultArgumentsDecorator object at 0x7fa22693b340>, verb_extension=<colcon_package_information.verb.list.ListVerb object at 0x7fa2269552d0>, main=<bound method ListVerb.main of <colcon_package_information.verb.list.ListVerb object at 0x7fa2269552d0>>)
[1.409s] Level 1:colcon.colcon_core.package_discovery:discover_packages(colcon_meta) check parameters
[1.409s] Level 1:colcon.colcon_core.package_discovery:discover_packages(recursive) check parameters
[1.409s] Level 1:colcon.colcon_core.package_discovery:discover_packages(ignore) check parameters
[1.409s] Level 1:colcon.colcon_core.package_discovery:discover_packages(path) check parameters
[1.409s] Level 1:colcon.colcon_core.package_discovery:discover_packages(recursive) discover
[1.410s] INFO:colcon.colcon_core.package_discovery:Crawling recursively for packages in '/home/hahnlam/snakebot_ws'
[1.410s] Level 1:colcon.colcon_core.package_identification:_identify(/home/hahnlam/snakebot_ws) by extensions ['ignore', 'ignore_ament_install']
[1.410s] Level 1:colcon.colcon_core.package_identification:_identify(/home/hahnlam/snakebot_ws) by extension 'ignore'
[1.410s] Level 1:colcon.colcon_core.package_identification:_identify(/home/hahnlam/snakebot_ws) by extension 'ignore_ament_install'
[1.410s] Level 1:colcon.colcon_core.package_identification:_identify(/home/hahnlam/snakebot_ws) by extensions ['colcon_pkg']
[1.410s] Level 1:colcon.colcon_core.package_identification:_identify(/home/hahnlam/snakebot_ws) by extension 'colcon_pkg'
[1.410s] Level 1:colcon.colcon_core.package_identification:_identify(/home/hahnlam/snakebot_ws) by extensions ['colcon_meta']
[1.410s] Level 1:colcon.colcon_core.package_identification:_identify(/home/hahnlam/snakebot_ws) by extension 'colcon_meta'
[1.410s] Level 1:colcon.colcon_core.package_identification:_identify(/home/hahnlam/snakebot_ws) by extensions ['ros']
[1.410s] Level 1:colcon.colcon_core.package_identification:_identify(/home/hahnlam/snakebot_ws) by extension 'ros'
[1.424s] Level 1:colcon.colcon_core.package_identification:_identify(/home/hahnlam/snakebot_ws) by extensions ['cmake', 'python']
[1.424s] Level 1:colcon.colcon_core.package_identification:_identify(/home/hahnlam/snakebot_ws) by extension 'cmake'
[1.424s] Level 1:colcon.colcon_core.package_identification:_identify(/home/hahnlam/snakebot_ws) by extension 'python'
[1.424s] Level 1:colcon.colcon_core.package_identification:_identify(/home/hahnlam/snakebot_ws) by extensions ['python_setup_py']
[1.424s] Level 1:colcon.colcon_core.package_identification:_identify(/home/hahnlam/snakebot_ws) by extension 'python_setup_py'
[1.424s] Level 1:colcon.colcon_core.package_identification:_identify(/home/hahnlam/snakebot_ws/build) by extensions ['ignore', 'ignore_ament_install']
[1.424s] Level 1:colcon.colcon_core.package_identification:_identify(/home/hahnlam/snakebot_ws/build) by extension 'ignore'
[1.424s] Level 1:colcon.colcon_core.package_identification:_identify(/home/hahnlam/snakebot_ws/build) ignored
[1.425s] Level 1:colcon.colcon_core.package_identification:_identify(/home/hahnlam/snakebot_ws/install) by extensions ['ignore', 'ignore_ament_install']
[1.425s] Level 1:colcon.colcon_core.package_identification:_identify(/home/hahnlam/snakebot_ws/install) by extension 'ignore'
[1.425s] Level 1:colcon.colcon_core.package_identification:_identify(/home/hahnlam/snakebot_ws/install) ignored
[1.425s] Level 1:colcon.colcon_core.package_identification:_identify(/home/hahnlam/snakebot_ws/log) by extensions ['ignore', 'ignore_ament_install']
[1.425s] Level 1:colcon.colcon_core.package_identification:_identify(/home/hahnlam/snakebot_ws/log) by extension 'ignore'
[1.425s] Level 1:colcon.colcon_core.package_identification:_identify(/home/hahnlam/snakebot_ws/log) ignored
[1.425s] Level 1:colcon.colcon_core.package_identification:_identify(/home/hahnlam/snakebot_ws/src) by extensions ['ignore', 'ignore_ament_install']
[1.425s] Level 1:colcon.colcon_core.package_identification:_identify(/home/hahnlam/snakebot_ws/src) by extension 'ignore'
[1.425s] Level 1:colcon.colcon_core.package_identification:_identify(/home/hahnlam/snakebot_ws/src) by extension 'ignore_ament_install'
[1.425s] Level 1:colcon.colcon_core.package_identification:_identify(/home/hahnlam/snakebot_ws/src) by extensions ['colcon_pkg']
[1.426s] Level 1:colcon.colcon_core.package_identification:_identify(/home/hahnlam/snakebot_ws/src) by extension 'colcon_pkg'
[1.426s] Level 1:colcon.colcon_core.package_identification:_identify(/home/hahnlam/snakebot_ws/src) by extensions ['colcon_meta']
[1.426s] Level 1:colcon.colcon_core.package_identification:_identify(/home/hahnlam/snakebot_ws/src) by extension 'colcon_meta'
[1.426s] Level 1:colcon.colcon_core.package_identification:_identify(/home/hahnlam/snakebot_ws/src) by extensions ['ros']
[1.426s] Level 1:colcon.colcon_core.package_identification:_identify(/home/hahnlam/snakebot_ws/src) by extension 'ros'
[1.426s] Level 1:colcon.colcon_core.package_identification:_identify(/home/hahnlam/snakebot_ws/src) by extensions ['cmake', 'python']
[1.426s] Level 1:colcon.colcon_core.package_identification:_identify(/home/hahnlam/snakebot_ws/src) by extension 'cmake'
[1.426s] Level 1:colcon.colcon_core.package_identification:_identify(/home/hahnlam/snakebot_ws/src) by extension 'python'
[1.426s] Level 1:colcon.colcon_core.package_identification:_identify(/home/hahnlam/snakebot_ws/src) by extensions ['python_setup_py']
[1.426s] Level 1:colcon.colcon_core.package_identification:_identify(/home/hahnlam/snakebot_ws/src) by extension 'python_setup_py'
[1.426s] Level 1:colcon.colcon_core.package_identification:_identify(/home/hahnlam/snakebot_ws/src/snakebot_cpp_code) by extensions ['ignore', 'ignore_ament_install']
[1.426s] Level 1:colcon.colcon_core.package_identification:_identify(/home/hahnlam/snakebot_ws/src/snakebot_cpp_code) by extension 'ignore'
[1.426s] Level 1:colcon.colcon_core.package_identification:_identify(/home/hahnlam/snakebot_ws/src/snakebot_cpp_code) by extension 'ignore_ament_install'
[1.426s] Level 1:colcon.colcon_core.package_identification:_identify(/home/hahnlam/snakebot_ws/src/snakebot_cpp_code) by extensions ['colcon_pkg']
[1.426s] Level 1:colcon.colcon_core.package_identification:_identify(/home/hahnlam/snakebot_ws/src/snakebot_cpp_code) by extension 'colcon_pkg'
[1.426s] Level 1:colcon.colcon_core.package_identification:_identify(/home/hahnlam/snakebot_ws/src/snakebot_cpp_code) by extensions ['colcon_meta']
[1.426s] Level 1:colcon.colcon_core.package_identification:_identify(/home/hahnlam/snakebot_ws/src/snakebot_cpp_code) by extension 'colcon_meta'
[1.427s] Level 1:colcon.colcon_core.package_identification:_identify(/home/hahnlam/snakebot_ws/src/snakebot_cpp_code) by extensions ['ros']
[1.427s] Level 1:colcon.colcon_core.package_identification:_identify(/home/hahnlam/snakebot_ws/src/snakebot_cpp_code) by extension 'ros'
[1.429s] DEBUG:colcon.colcon_core.package_identification:Package '/home/hahnlam/snakebot_ws/src/snakebot_cpp_code' with type 'ros.ament_cmake' and name 'snakebot_cpp_code'
[1.430s] Level 1:colcon.colcon_core.package_identification:_identify(/home/hahnlam/snakebot_ws/src/snakebot_description) by extensions ['ignore', 'ignore_ament_install']
[1.430s] Level 1:colcon.colcon_core.package_identification:_identify(/home/hahnlam/snakebot_ws/src/snakebot_description) by extension 'ignore'
[1.430s] Level 1:colcon.colcon_core.package_identification:_identify(/home/hahnlam/snakebot_ws/src/snakebot_description) by extension 'ignore_ament_install'
[1.430s] Level 1:colcon.colcon_core.package_identification:_identify(/home/hahnlam/snakebot_ws/src/snakebot_description) by extensions ['colcon_pkg']
[1.430s] Level 1:colcon.colcon_core.package_identification:_identify(/home/hahnlam/snakebot_ws/src/snakebot_description) by extension 'colcon_pkg'
[1.430s] Level 1:colcon.colcon_core.package_identification:_identify(/home/hahnlam/snakebot_ws/src/snakebot_description) by extensions ['colcon_meta']
[1.430s] Level 1:colcon.colcon_core.package_identification:_identify(/home/hahnlam/snakebot_ws/src/snakebot_description) by extension 'colcon_meta'
[1.430s] Level 1:colcon.colcon_core.package_identification:_identify(/home/hahnlam/snakebot_ws/src/snakebot_description) by extensions ['ros']
[1.430s] Level 1:colcon.colcon_core.package_identification:_identify(/home/hahnlam/snakebot_ws/src/snakebot_description) by extension 'ros'
[1.431s] DEBUG:colcon.colcon_core.package_identification:Package '/home/hahnlam/snakebot_ws/src/snakebot_description' with type 'ros.ament_cmake' and name 'snakebot_description'
[1.431s] Level 1:colcon.colcon_core.package_identification:_identify(/home/hahnlam/snakebot_ws/src/snakebot_py_code) by extensions ['ignore', 'ignore_ament_install']
[1.431s] Level 1:colcon.colcon_core.package_identification:_identify(/home/hahnlam/snakebot_ws/src/snakebot_py_code) by extension 'ignore'
[1.431s] Level 1:colcon.colcon_core.package_identification:_identify(/home/hahnlam/snakebot_ws/src/snakebot_py_code) by extension 'ignore_ament_install'
[1.431s] Level 1:colcon.colcon_core.package_identification:_identify(/home/hahnlam/snakebot_ws/src/snakebot_py_code) by extensions ['colcon_pkg']
[1.431s] Level 1:colcon.colcon_core.package_identification:_identify(/home/hahnlam/snakebot_ws/src/snakebot_py_code) by extension 'colcon_pkg'
[1.431s] Level 1:colcon.colcon_core.package_identification:_identify(/home/hahnlam/snakebot_ws/src/snakebot_py_code) by extensions ['colcon_meta']
[1.431s] Level 1:colcon.colcon_core.package_identification:_identify(/home/hahnlam/snakebot_ws/src/snakebot_py_code) by extension 'colcon_meta'
[1.431s] Level 1:colcon.colcon_core.package_identification:_identify(/home/hahnlam/snakebot_ws/src/snakebot_py_code) by extensions ['ros']
[1.431s] Level 1:colcon.colcon_core.package_identification:_identify(/home/hahnlam/snakebot_ws/src/snakebot_py_code) by extension 'ros'
[1.432s] DEBUG:colcon.colcon_core.package_identification:Package '/home/hahnlam/snakebot_ws/src/snakebot_py_code' with type 'ros.ament_python' and name 'snakebot_py_code'
[1.432s] Level 1:colcon.colcon_core.package_discovery:discover_packages(recursive) using defaults
