[0.151s] Invoking command in '/home/hahnlam/snakebot_ws/build/snakebot_description': CMAKE_PREFIX_PATH=${CMAKE_PREFIX_PATH}:/home/hahnlam/snakebot_ws/install/snakebot_py_code:/opt/ros/iron /usr/bin/cmake --build /home/hahnlam/snakebot_ws/build/snakebot_description -- -j12 -l12
[0.184s] -- Found ament_cmake: 2.0.3 (/opt/ros/iron/share/ament_cmake/cmake)
[0.317s] -- Found ament_lint_auto: 0.14.2 (/opt/ros/iron/share/ament_lint_auto/cmake)
[0.377s] -- Added test 'lint_cmake' to check CMake code style
[0.378s] -- Added test 'xmllint' to check XML markup files
[0.380s] -- Configuring done
[0.391s] -- Generating done
[0.392s] -- Build files have been written to: /home/hahnlam/snakebot_ws/build/snakebot_description
[0.447s] Invoked command in '/home/hahnlam/snakebot_ws/build/snakebot_description' returned '0': CMAKE_PREFIX_PATH=${CMAKE_PREFIX_PATH}:/home/hahnlam/snakebot_ws/install/snakebot_py_code:/opt/ros/iron /usr/bin/cmake --build /home/hahnlam/snakebot_ws/build/snakebot_description -- -j12 -l12
[0.469s] Invoking command in '/home/hahnlam/snakebot_ws/build/snakebot_description': CMAKE_PREFIX_PATH=${CMAKE_PREFIX_PATH}:/home/hahnlam/snakebot_ws/install/snakebot_py_code:/opt/ros/iron /usr/bin/cmake --install /home/hahnlam/snakebot_ws/build/snakebot_description
[0.475s] -- Install configuration: ""
[0.475s] -- Installing: /home/hahnlam/snakebot_ws/install/snakebot_description/share/snakebot_description/meshes
[0.476s] -- Installing: /home/hahnlam/snakebot_ws/install/snakebot_description/share/snakebot_description/meshes/full_module.stl
[0.487s] -- Installing: /home/hahnlam/snakebot_ws/install/snakebot_description/share/snakebot_description/meshes/Servo Bevel Gear_MG966R - X8 .stl
[0.506s] -- Installing: /home/hahnlam/snakebot_ws/install/snakebot_description/share/snakebot_description/meshes/Cross v4 - X3.3mf
[0.513s] -- Installing: /home/hahnlam/snakebot_ws/install/snakebot_description/share/snakebot_description/meshes/Mid Bracket.stl
[0.524s] -- Installing: /home/hahnlam/snakebot_ws/install/snakebot_description/share/snakebot_description/meshes/Servo Bevel Gear_MG966R - X8 .3mf
[0.535s] -- Installing: /home/hahnlam/snakebot_ws/install/snakebot_description/share/snakebot_description/meshes/Universal Joint X4 .3mf
[0.540s] -- Installing: /home/hahnlam/snakebot_ws/install/snakebot_description/share/snakebot_description/meshes/Cross v4 - X3.stl
[0.547s] -- Installing: /home/hahnlam/snakebot_ws/install/snakebot_description/share/snakebot_description/meshes/Mid Bracket.3mf
[0.558s] -- Installing: /home/hahnlam/snakebot_ws/install/snakebot_description/share/snakebot_description/meshes/Top Bracket.stl
[0.568s] -- Installing: /home/hahnlam/snakebot_ws/install/snakebot_description/share/snakebot_description/meshes/Top Bracket.3mf
[0.575s] -- Installing: /home/hahnlam/snakebot_ws/install/snakebot_description/share/snakebot_description/meshes/bottom_bracket.stl
[0.586s] -- Installing: /home/hahnlam/snakebot_ws/install/snakebot_description/share/snakebot_description/meshes/Universal Joint X4 .stl
[0.590s] -- Installing: /home/hahnlam/snakebot_ws/install/snakebot_description/share/snakebot_description/meshes/Bottom Bracket.3mf
[0.596s] -- Installing: /home/hahnlam/snakebot_ws/install/snakebot_description/share/snakebot_description/urdf
[0.597s] -- Installing: /home/hahnlam/snakebot_ws/install/snakebot_description/share/snakebot_description/urdf/snakebot.urdf.xacro
[0.598s] -- Up-to-date: /home/hahnlam/snakebot_ws/install/snakebot_description/share/ament_index/resource_index/package_run_dependencies/snakebot_description
[0.598s] -- Installing: /home/hahnlam/snakebot_ws/install/snakebot_description/share/ament_index/resource_index/parent_prefix_path/snakebot_description
[0.599s] -- Up-to-date: /home/hahnlam/snakebot_ws/install/snakebot_description/share/snakebot_description/environment/ament_prefix_path.sh
[0.600s] -- Up-to-date: /home/hahnlam/snakebot_ws/install/snakebot_description/share/snakebot_description/environment/ament_prefix_path.dsv
[0.600s] -- Up-to-date: /home/hahnlam/snakebot_ws/install/snakebot_description/share/snakebot_description/environment/path.sh
[0.600s] -- Up-to-date: /home/hahnlam/snakebot_ws/install/snakebot_description/share/snakebot_description/environment/path.dsv
[0.601s] -- Up-to-date: /home/hahnlam/snakebot_ws/install/snakebot_description/share/snakebot_description/local_setup.bash
[0.602s] -- Up-to-date: /home/hahnlam/snakebot_ws/install/snakebot_description/share/snakebot_description/local_setup.sh
[0.603s] -- Up-to-date: /home/hahnlam/snakebot_ws/install/snakebot_description/share/snakebot_description/local_setup.zsh
[0.604s] -- Up-to-date: /home/hahnlam/snakebot_ws/install/snakebot_description/share/snakebot_description/local_setup.dsv
[0.605s] -- Up-to-date: /home/hahnlam/snakebot_ws/install/snakebot_description/share/snakebot_description/package.dsv
[0.605s] -- Up-to-date: /home/hahnlam/snakebot_ws/install/snakebot_description/share/ament_index/resource_index/packages/snakebot_description
[0.606s] -- Up-to-date: /home/hahnlam/snakebot_ws/install/snakebot_description/share/snakebot_description/cmake/snakebot_descriptionConfig.cmake
[0.607s] -- Up-to-date: /home/hahnlam/snakebot_ws/install/snakebot_description/share/snakebot_description/cmake/snakebot_descriptionConfig-version.cmake
[0.607s] -- Up-to-date: /home/hahnlam/snakebot_ws/install/snakebot_description/share/snakebot_description/package.xml
[0.638s] Invoked command in '/home/hahnlam/snakebot_ws/build/snakebot_description' returned '0': CMAKE_PREFIX_PATH=${CMAKE_PREFIX_PATH}:/home/hahnlam/snakebot_ws/install/snakebot_py_code:/opt/ros/iron /usr/bin/cmake --install /home/hahnlam/snakebot_ws/build/snakebot_description
