-- Found ament_cmake: 2.0.3 (/opt/ros/iron/share/ament_cmake/cmake)
-- Found ament_lint_auto: 0.14.2 (/opt/ros/iron/share/ament_lint_auto/cmake)
-- Added test 'lint_cmake' to check CMake code style
-- Added test 'xmllint' to check XML markup files
-- Configuring done
-- Generating done
-- Build files have been written to: /home/hahnlam/snakebot_ws/build/snakebot_description
-- Install configuration: ""
-- Installing: /home/hahnlam/snakebot_ws/install/snakebot_description/share/snakebot_description/meshes
-- Installing: /home/hahnlam/snakebot_ws/install/snakebot_description/share/snakebot_description/meshes/full_module.stl
-- Installing: /home/hahnlam/snakebot_ws/install/snakebot_description/share/snakebot_description/meshes/Servo Bevel Gear_MG966R - X8 .stl
-- Installing: /home/hahnlam/snakebot_ws/install/snakebot_description/share/snakebot_description/meshes/Cross v4 - X3.3mf
-- Installing: /home/hahnlam/snakebot_ws/install/snakebot_description/share/snakebot_description/meshes/Mid Bracket.stl
-- Installing: /home/hahnlam/snakebot_ws/install/snakebot_description/share/snakebot_description/meshes/Servo Bevel Gear_MG966R - X8 .3mf
-- Installing: /home/hahnlam/snakebot_ws/install/snakebot_description/share/snakebot_description/meshes/Universal Joint X4 .3mf
-- Installing: /home/hahnlam/snakebot_ws/install/snakebot_description/share/snakebot_description/meshes/Cross v4 - X3.stl
-- Installing: /home/hahnlam/snakebot_ws/install/snakebot_description/share/snakebot_description/meshes/Mid Bracket.3mf
-- Installing: /home/hahnlam/snakebot_ws/install/snakebot_description/share/snakebot_description/meshes/Top Bracket.stl
-- Installing: /home/hahnlam/snakebot_ws/install/snakebot_description/share/snakebot_description/meshes/Top Bracket.3mf
-- Installing: /home/hahnlam/snakebot_ws/install/snakebot_description/share/snakebot_description/meshes/bottom_bracket.stl
-- Installing: /home/hahnlam/snakebot_ws/install/snakebot_description/share/snakebot_description/meshes/Universal Joint X4 .stl
-- Installing: /home/hahnlam/snakebot_ws/install/snakebot_description/share/snakebot_description/meshes/Bottom Bracket.3mf
-- Installing: /home/hahnlam/snakebot_ws/install/snakebot_description/share/snakebot_description/urdf
-- Installing: /home/hahnlam/snakebot_ws/install/snakebot_description/share/snakebot_description/urdf/snakebot.urdf.xacro
-- Up-to-date: /home/hahnlam/snakebot_ws/install/snakebot_description/share/ament_index/resource_index/package_run_dependencies/snakebot_description
-- Installing: /home/hahnlam/snakebot_ws/install/snakebot_description/share/ament_index/resource_index/parent_prefix_path/snakebot_description
-- Up-to-date: /home/hahnlam/snakebot_ws/install/snakebot_description/share/snakebot_description/environment/ament_prefix_path.sh
-- Up-to-date: /home/hahnlam/snakebot_ws/install/snakebot_description/share/snakebot_description/environment/ament_prefix_path.dsv
-- Up-to-date: /home/hahnlam/snakebot_ws/install/snakebot_description/share/snakebot_description/environment/path.sh
-- Up-to-date: /home/hahnlam/snakebot_ws/install/snakebot_description/share/snakebot_description/environment/path.dsv
-- Up-to-date: /home/hahnlam/snakebot_ws/install/snakebot_description/share/snakebot_description/local_setup.bash
-- Up-to-date: /home/hahnlam/snakebot_ws/install/snakebot_description/share/snakebot_description/local_setup.sh
-- Up-to-date: /home/hahnlam/snakebot_ws/install/snakebot_description/share/snakebot_description/local_setup.zsh
-- Up-to-date: /home/hahnlam/snakebot_ws/install/snakebot_description/share/snakebot_description/local_setup.dsv
-- Up-to-date: /home/hahnlam/snakebot_ws/install/snakebot_description/share/snakebot_description/package.dsv
-- Up-to-date: /home/hahnlam/snakebot_ws/install/snakebot_description/share/ament_index/resource_index/packages/snakebot_description
-- Up-to-date: /home/hahnlam/snakebot_ws/install/snakebot_description/share/snakebot_description/cmake/snakebot_descriptionConfig.cmake
-- Up-to-date: /home/hahnlam/snakebot_ws/install/snakebot_description/share/snakebot_description/cmake/snakebot_descriptionConfig-version.cmake
-- Up-to-date: /home/hahnlam/snakebot_ws/install/snakebot_description/share/snakebot_description/package.xml
