/home/hahnlam/snakebot_ws/install/snakebot_py_code/lib/python3.10/site-packages/snakebot_py_code/parameter.py
/home/hahnlam/snakebot_ws/install/snakebot_py_code/lib/python3.10/site-packages/snakebot_py_code/simple_subscriber.py
/home/hahnlam/snakebot_ws/install/snakebot_py_code/lib/python3.10/site-packages/snakebot_py_code/simple_publisher.py
/home/hahnlam/snakebot_ws/install/snakebot_py_code/lib/python3.10/site-packages/snakebot_py_code/__init__.py
/home/hahnlam/snakebot_ws/install/snakebot_py_code/lib/python3.10/site-packages/snakebot_py_code/__pycache__/parameter.cpython-310.pyc
/home/hahnlam/snakebot_ws/install/snakebot_py_code/lib/python3.10/site-packages/snakebot_py_code/__pycache__/simple_subscriber.cpython-310.pyc
/home/hahnlam/snakebot_ws/install/snakebot_py_code/lib/python3.10/site-packages/snakebot_py_code/__pycache__/simple_publisher.cpython-310.pyc
/home/hahnlam/snakebot_ws/install/snakebot_py_code/lib/python3.10/site-packages/snakebot_py_code/__pycache__/__init__.cpython-310.pyc
/home/hahnlam/snakebot_ws/install/snakebot_py_code/share/ament_index/resource_index/packages/snakebot_py_code
/home/hahnlam/snakebot_ws/install/snakebot_py_code/share/snakebot_py_code/package.xml
/home/hahnlam/snakebot_ws/install/snakebot_py_code/lib/python3.10/site-packages/snakebot_py_code-0.0.0-py3.10.egg-info/top_level.txt
/home/hahnlam/snakebot_ws/install/snakebot_py_code/lib/python3.10/site-packages/snakebot_py_code-0.0.0-py3.10.egg-info/dependency_links.txt
/home/hahnlam/snakebot_ws/install/snakebot_py_code/lib/python3.10/site-packages/snakebot_py_code-0.0.0-py3.10.egg-info/entry_points.txt
/home/hahnlam/snakebot_ws/install/snakebot_py_code/lib/python3.10/site-packages/snakebot_py_code-0.0.0-py3.10.egg-info/SOURCES.txt
/home/hahnlam/snakebot_ws/install/snakebot_py_code/lib/python3.10/site-packages/snakebot_py_code-0.0.0-py3.10.egg-info/requires.txt
/home/hahnlam/snakebot_ws/install/snakebot_py_code/lib/python3.10/site-packages/snakebot_py_code-0.0.0-py3.10.egg-info/PKG-INFO
/home/hahnlam/snakebot_ws/install/snakebot_py_code/lib/python3.10/site-packages/snakebot_py_code-0.0.0-py3.10.egg-info/zip-safe
/home/hahnlam/snakebot_ws/install/snakebot_py_code/lib/snakebot_py_code/parameter
/home/hahnlam/snakebot_ws/install/snakebot_py_code/lib/snakebot_py_code/simple_publisher
/home/hahnlam/snakebot_ws/install/snakebot_py_code/lib/snakebot_py_code/simple_subscriber
