[1.085s] DEBUG:colcon:Command line arguments: ['/usr/bin/colcon', 'build']
[1.085s] DEBUG:colcon:Parsed command line arguments: Namespace(log_base=None, log_level=None, verb_name='build', build_base='build', install_base='install', merge_install=False, symlink_install=False, test_result_base=None, continue_on_error=False, executor='parallel', parallel_workers=12, event_handlers=None, ignore_user_meta=False, metas=['./colcon.meta'], base_paths=['.'], packages_ignore=None, packages_ignore_regex=None, paths=None, packages_up_to=None, packages_up_to_regex=None, packages_above=None, packages_above_and_dependencies=None, packages_above_depth=None, packages_select_by_dep=None, packages_skip_by_dep=None, packages_skip_up_to=None, packages_select_build_failed=False, packages_skip_build_finished=False, packages_select_test_failures=False, packages_skip_test_passed=False, packages_select=None, packages_skip=None, packages_select_regex=None, packages_skip_regex=None, packages_start=None, packages_end=None, allow_overriding=[], cmake_args=None, cmake_target=None, cmake_target_skip_unavailable=False, cmake_clean_cache=False, cmake_clean_first=False, cmake_force_configure=False, ament_cmake_args=None, catkin_cmake_args=None, catkin_skip_building_tests=False, verb_parser=<colcon_defaults.argument_parser.defaults.DefaultArgumentsDecorator object at 0x7f43dd9f15a0>, verb_extension=<colcon_core.verb.build.BuildVerb object at 0x7f43ddee7490>, main=<bound method BuildVerb.main of <colcon_core.verb.build.BuildVerb object at 0x7f43ddee7490>>)
[1.127s] Level 1:colcon.colcon_core.package_discovery:discover_packages(colcon_meta) check parameters
[1.127s] Level 1:colcon.colcon_core.package_discovery:discover_packages(recursive) check parameters
[1.127s] Level 1:colcon.colcon_core.package_discovery:discover_packages(ignore) check parameters
[1.127s] Level 1:colcon.colcon_core.package_discovery:discover_packages(path) check parameters
[1.127s] Level 1:colcon.colcon_core.package_discovery:discover_packages(colcon_meta) discover
[1.127s] Level 1:colcon.colcon_core.package_discovery:discover_packages(recursive) discover
[1.127s] INFO:colcon.colcon_core.package_discovery:Crawling recursively for packages in '/home/hahnlam/snakebot_ws'
[1.127s] Level 1:colcon.colcon_core.package_identification:_identify(.) by extensions ['ignore', 'ignore_ament_install']
[1.127s] Level 1:colcon.colcon_core.package_identification:_identify(.) by extension 'ignore'
[1.127s] Level 1:colcon.colcon_core.package_identification:_identify(.) by extension 'ignore_ament_install'
[1.127s] Level 1:colcon.colcon_core.package_identification:_identify(.) by extensions ['colcon_pkg']
[1.127s] Level 1:colcon.colcon_core.package_identification:_identify(.) by extension 'colcon_pkg'
[1.127s] Level 1:colcon.colcon_core.package_identification:_identify(.) by extensions ['colcon_meta']
[1.127s] Level 1:colcon.colcon_core.package_identification:_identify(.) by extension 'colcon_meta'
[1.127s] Level 1:colcon.colcon_core.package_identification:_identify(.) by extensions ['ros']
[1.127s] Level 1:colcon.colcon_core.package_identification:_identify(.) by extension 'ros'
[1.136s] Level 1:colcon.colcon_core.package_identification:_identify(.) by extensions ['cmake', 'python']
[1.136s] Level 1:colcon.colcon_core.package_identification:_identify(.) by extension 'cmake'
[1.136s] Level 1:colcon.colcon_core.package_identification:_identify(.) by extension 'python'
[1.136s] Level 1:colcon.colcon_core.package_identification:_identify(.) by extensions ['python_setup_py']
[1.137s] Level 1:colcon.colcon_core.package_identification:_identify(.) by extension 'python_setup_py'
[1.137s] Level 1:colcon.colcon_core.package_identification:_identify(build) by extensions ['ignore', 'ignore_ament_install']
[1.137s] Level 1:colcon.colcon_core.package_identification:_identify(build) by extension 'ignore'
[1.137s] Level 1:colcon.colcon_core.package_identification:_identify(build) ignored
[1.137s] Level 1:colcon.colcon_core.package_identification:_identify(install) by extensions ['ignore', 'ignore_ament_install']
[1.137s] Level 1:colcon.colcon_core.package_identification:_identify(install) by extension 'ignore'
[1.137s] Level 1:colcon.colcon_core.package_identification:_identify(install) ignored
[1.137s] Level 1:colcon.colcon_core.package_identification:_identify(log) by extensions ['ignore', 'ignore_ament_install']
[1.137s] Level 1:colcon.colcon_core.package_identification:_identify(log) by extension 'ignore'
[1.137s] Level 1:colcon.colcon_core.package_identification:_identify(log) ignored
[1.137s] Level 1:colcon.colcon_core.package_identification:_identify(src) by extensions ['ignore', 'ignore_ament_install']
[1.138s] Level 1:colcon.colcon_core.package_identification:_identify(src) by extension 'ignore'
[1.138s] Level 1:colcon.colcon_core.package_identification:_identify(src) by extension 'ignore_ament_install'
[1.138s] Level 1:colcon.colcon_core.package_identification:_identify(src) by extensions ['colcon_pkg']
[1.138s] Level 1:colcon.colcon_core.package_identification:_identify(src) by extension 'colcon_pkg'
[1.138s] Level 1:colcon.colcon_core.package_identification:_identify(src) by extensions ['colcon_meta']
[1.138s] Level 1:colcon.colcon_core.package_identification:_identify(src) by extension 'colcon_meta'
[1.138s] Level 1:colcon.colcon_core.package_identification:_identify(src) by extensions ['ros']
[1.138s] Level 1:colcon.colcon_core.package_identification:_identify(src) by extension 'ros'
[1.138s] Level 1:colcon.colcon_core.package_identification:_identify(src) by extensions ['cmake', 'python']
[1.138s] Level 1:colcon.colcon_core.package_identification:_identify(src) by extension 'cmake'
[1.138s] Level 1:colcon.colcon_core.package_identification:_identify(src) by extension 'python'
[1.138s] Level 1:colcon.colcon_core.package_identification:_identify(src) by extensions ['python_setup_py']
[1.138s] Level 1:colcon.colcon_core.package_identification:_identify(src) by extension 'python_setup_py'
[1.138s] Level 1:colcon.colcon_core.package_identification:_identify(src/snakebot_cpp_code) by extensions ['ignore', 'ignore_ament_install']
[1.138s] Level 1:colcon.colcon_core.package_identification:_identify(src/snakebot_cpp_code) by extension 'ignore'
[1.138s] Level 1:colcon.colcon_core.package_identification:_identify(src/snakebot_cpp_code) by extension 'ignore_ament_install'
[1.138s] Level 1:colcon.colcon_core.package_identification:_identify(src/snakebot_cpp_code) by extensions ['colcon_pkg']
[1.138s] Level 1:colcon.colcon_core.package_identification:_identify(src/snakebot_cpp_code) by extension 'colcon_pkg'
[1.138s] Level 1:colcon.colcon_core.package_identification:_identify(src/snakebot_cpp_code) by extensions ['colcon_meta']
[1.138s] Level 1:colcon.colcon_core.package_identification:_identify(src/snakebot_cpp_code) by extension 'colcon_meta'
[1.138s] Level 1:colcon.colcon_core.package_identification:_identify(src/snakebot_cpp_code) by extensions ['ros']
[1.138s] Level 1:colcon.colcon_core.package_identification:_identify(src/snakebot_cpp_code) by extension 'ros'
[1.141s] DEBUG:colcon.colcon_core.package_identification:Package 'src/snakebot_cpp_code' with type 'ros.ament_cmake' and name 'snakebot_cpp_code'
[1.141s] Level 1:colcon.colcon_core.package_identification:_identify(src/snakebot_description) by extensions ['ignore', 'ignore_ament_install']
[1.141s] Level 1:colcon.colcon_core.package_identification:_identify(src/snakebot_description) by extension 'ignore'
[1.141s] Level 1:colcon.colcon_core.package_identification:_identify(src/snakebot_description) by extension 'ignore_ament_install'
[1.141s] Level 1:colcon.colcon_core.package_identification:_identify(src/snakebot_description) by extensions ['colcon_pkg']
[1.141s] Level 1:colcon.colcon_core.package_identification:_identify(src/snakebot_description) by extension 'colcon_pkg'
[1.141s] Level 1:colcon.colcon_core.package_identification:_identify(src/snakebot_description) by extensions ['colcon_meta']
[1.141s] Level 1:colcon.colcon_core.package_identification:_identify(src/snakebot_description) by extension 'colcon_meta'
[1.141s] Level 1:colcon.colcon_core.package_identification:_identify(src/snakebot_description) by extensions ['ros']
[1.141s] Level 1:colcon.colcon_core.package_identification:_identify(src/snakebot_description) by extension 'ros'
[1.142s] DEBUG:colcon.colcon_core.package_identification:Package 'src/snakebot_description' with type 'ros.ament_cmake' and name 'snakebot_description'
[1.142s] Level 1:colcon.colcon_core.package_identification:_identify(src/snakebot_py_code) by extensions ['ignore', 'ignore_ament_install']
[1.142s] Level 1:colcon.colcon_core.package_identification:_identify(src/snakebot_py_code) by extension 'ignore'
[1.142s] Level 1:colcon.colcon_core.package_identification:_identify(src/snakebot_py_code) by extension 'ignore_ament_install'
[1.142s] Level 1:colcon.colcon_core.package_identification:_identify(src/snakebot_py_code) by extensions ['colcon_pkg']
[1.142s] Level 1:colcon.colcon_core.package_identification:_identify(src/snakebot_py_code) by extension 'colcon_pkg'
[1.142s] Level 1:colcon.colcon_core.package_identification:_identify(src/snakebot_py_code) by extensions ['colcon_meta']
[1.142s] Level 1:colcon.colcon_core.package_identification:_identify(src/snakebot_py_code) by extension 'colcon_meta'
[1.142s] Level 1:colcon.colcon_core.package_identification:_identify(src/snakebot_py_code) by extensions ['ros']
[1.142s] Level 1:colcon.colcon_core.package_identification:_identify(src/snakebot_py_code) by extension 'ros'
[1.143s] DEBUG:colcon.colcon_core.package_identification:Package 'src/snakebot_py_code' with type 'ros.ament_python' and name 'snakebot_py_code'
[1.143s] Level 1:colcon.colcon_core.package_discovery:discover_packages(recursive) using defaults
[1.143s] Level 1:colcon.colcon_core.package_discovery:discover_packages(ignore) discover
[1.143s] Level 1:colcon.colcon_core.package_discovery:discover_packages(ignore) using defaults
[1.143s] Level 1:colcon.colcon_core.package_discovery:discover_packages(path) discover
[1.143s] Level 1:colcon.colcon_core.package_discovery:discover_packages(path) using defaults
[1.233s] Level 1:colcon.colcon_core.package_discovery:discover_packages(prefix_path) check parameters
[1.233s] Level 1:colcon.colcon_core.package_discovery:discover_packages(prefix_path) discover
[1.264s] DEBUG:colcon.colcon_installed_package_information.package_discovery:Found 3 installed packages in /home/hahnlam/snakebot_ws/install
[1.280s] DEBUG:colcon.colcon_installed_package_information.package_discovery:Found 364 installed packages in /opt/ros/iron
[1.289s] Level 1:colcon.colcon_core.package_discovery:discover_packages(prefix_path) using defaults
[1.376s] Level 5:colcon.colcon_core.verb:set package 'snakebot_cpp_code' build argument 'cmake_args' from command line to 'None'
[1.376s] Level 5:colcon.colcon_core.verb:set package 'snakebot_cpp_code' build argument 'cmake_target' from command line to 'None'
[1.376s] Level 5:colcon.colcon_core.verb:set package 'snakebot_cpp_code' build argument 'cmake_target_skip_unavailable' from command line to 'False'
[1.376s] Level 5:colcon.colcon_core.verb:set package 'snakebot_cpp_code' build argument 'cmake_clean_cache' from command line to 'False'
[1.376s] Level 5:colcon.colcon_core.verb:set package 'snakebot_cpp_code' build argument 'cmake_clean_first' from command line to 'False'
[1.376s] Level 5:colcon.colcon_core.verb:set package 'snakebot_cpp_code' build argument 'cmake_force_configure' from command line to 'False'
[1.376s] Level 5:colcon.colcon_core.verb:set package 'snakebot_cpp_code' build argument 'ament_cmake_args' from command line to 'None'
[1.376s] Level 5:colcon.colcon_core.verb:set package 'snakebot_cpp_code' build argument 'catkin_cmake_args' from command line to 'None'
[1.376s] Level 5:colcon.colcon_core.verb:set package 'snakebot_cpp_code' build argument 'catkin_skip_building_tests' from command line to 'False'
[1.376s] DEBUG:colcon.colcon_core.verb:Building package 'snakebot_cpp_code' with the following arguments: {'ament_cmake_args': None, 'build_base': '/home/hahnlam/snakebot_ws/build/snakebot_cpp_code', 'catkin_cmake_args': None, 'catkin_skip_building_tests': False, 'cmake_args': None, 'cmake_clean_cache': False, 'cmake_clean_first': False, 'cmake_force_configure': False, 'cmake_target': None, 'cmake_target_skip_unavailable': False, 'install_base': '/home/hahnlam/snakebot_ws/install/snakebot_cpp_code', 'merge_install': False, 'path': '/home/hahnlam/snakebot_ws/src/snakebot_cpp_code', 'symlink_install': False, 'test_result_base': None}
[1.390s] Level 5:colcon.colcon_core.verb:set package 'snakebot_description' build argument 'cmake_args' from command line to 'None'
[1.390s] Level 5:colcon.colcon_core.verb:set package 'snakebot_description' build argument 'cmake_target' from command line to 'None'
[1.390s] Level 5:colcon.colcon_core.verb:set package 'snakebot_description' build argument 'cmake_target_skip_unavailable' from command line to 'False'
[1.390s] Level 5:colcon.colcon_core.verb:set package 'snakebot_description' build argument 'cmake_clean_cache' from command line to 'False'
[1.390s] Level 5:colcon.colcon_core.verb:set package 'snakebot_description' build argument 'cmake_clean_first' from command line to 'False'
[1.390s] Level 5:colcon.colcon_core.verb:set package 'snakebot_description' build argument 'cmake_force_configure' from command line to 'False'
[1.390s] Level 5:colcon.colcon_core.verb:set package 'snakebot_description' build argument 'ament_cmake_args' from command line to 'None'
[1.390s] Level 5:colcon.colcon_core.verb:set package 'snakebot_description' build argument 'catkin_cmake_args' from command line to 'None'
[1.390s] Level 5:colcon.colcon_core.verb:set package 'snakebot_description' build argument 'catkin_skip_building_tests' from command line to 'False'
[1.390s] DEBUG:colcon.colcon_core.verb:Building package 'snakebot_description' with the following arguments: {'ament_cmake_args': None, 'build_base': '/home/hahnlam/snakebot_ws/build/snakebot_description', 'catkin_cmake_args': None, 'catkin_skip_building_tests': False, 'cmake_args': None, 'cmake_clean_cache': False, 'cmake_clean_first': False, 'cmake_force_configure': False, 'cmake_target': None, 'cmake_target_skip_unavailable': False, 'install_base': '/home/hahnlam/snakebot_ws/install/snakebot_description', 'merge_install': False, 'path': '/home/hahnlam/snakebot_ws/src/snakebot_description', 'symlink_install': False, 'test_result_base': None}
[1.404s] Level 5:colcon.colcon_core.verb:set package 'snakebot_py_code' build argument 'cmake_args' from command line to 'None'
[1.404s] Level 5:colcon.colcon_core.verb:set package 'snakebot_py_code' build argument 'cmake_target' from command line to 'None'
[1.404s] Level 5:colcon.colcon_core.verb:set package 'snakebot_py_code' build argument 'cmake_target_skip_unavailable' from command line to 'False'
[1.404s] Level 5:colcon.colcon_core.verb:set package 'snakebot_py_code' build argument 'cmake_clean_cache' from command line to 'False'
[1.404s] Level 5:colcon.colcon_core.verb:set package 'snakebot_py_code' build argument 'cmake_clean_first' from command line to 'False'
[1.404s] Level 5:colcon.colcon_core.verb:set package 'snakebot_py_code' build argument 'cmake_force_configure' from command line to 'False'
[1.404s] Level 5:colcon.colcon_core.verb:set package 'snakebot_py_code' build argument 'ament_cmake_args' from command line to 'None'
[1.404s] Level 5:colcon.colcon_core.verb:set package 'snakebot_py_code' build argument 'catkin_cmake_args' from command line to 'None'
[1.405s] Level 5:colcon.colcon_core.verb:set package 'snakebot_py_code' build argument 'catkin_skip_building_tests' from command line to 'False'
[1.405s] DEBUG:colcon.colcon_core.verb:Building package 'snakebot_py_code' with the following arguments: {'ament_cmake_args': None, 'build_base': '/home/hahnlam/snakebot_ws/build/snakebot_py_code', 'catkin_cmake_args': None, 'catkin_skip_building_tests': False, 'cmake_args': None, 'cmake_clean_cache': False, 'cmake_clean_first': False, 'cmake_force_configure': False, 'cmake_target': None, 'cmake_target_skip_unavailable': False, 'install_base': '/home/hahnlam/snakebot_ws/install/snakebot_py_code', 'merge_install': False, 'path': '/home/hahnlam/snakebot_ws/src/snakebot_py_code', 'symlink_install': False, 'test_result_base': None}
[1.419s] INFO:colcon.colcon_core.executor:Executing jobs using 'parallel' executor
[1.435s] DEBUG:colcon.colcon_parallel_executor.executor.parallel:run_until_complete
[1.435s] INFO:colcon.colcon_ros.task.ament_cmake.build:Building ROS package in '/home/hahnlam/snakebot_ws/src/snakebot_cpp_code' with build type 'ament_cmake'
[1.435s] INFO:colcon.colcon_cmake.task.cmake.build:Building CMake package in '/home/hahnlam/snakebot_ws/src/snakebot_cpp_code'
[1.450s] INFO:colcon.colcon_core.plugin_system:Skipping extension 'colcon_core.shell.bat': Not used on non-Windows systems
[1.450s] INFO:colcon.colcon_core.shell:Skip shell extension 'powershell' for command environment: Not usable outside of PowerShell
[1.451s] DEBUG:colcon.colcon_core.shell:Skip shell extension 'dsv' for command environment
[1.495s] INFO:colcon.colcon_ros.task.ament_cmake.build:Building ROS package in '/home/hahnlam/snakebot_ws/src/snakebot_description' with build type 'ament_cmake'
[1.495s] INFO:colcon.colcon_cmake.task.cmake.build:Building CMake package in '/home/hahnlam/snakebot_ws/src/snakebot_description'
[1.509s] INFO:colcon.colcon_core.shell:Skip shell extension 'powershell' for command environment: Not usable outside of PowerShell
[1.510s] DEBUG:colcon.colcon_core.shell:Skip shell extension 'dsv' for command environment
[1.554s] INFO:colcon.colcon_ros.task.ament_python.build:Building ROS package in '/home/hahnlam/snakebot_ws/src/snakebot_py_code' with build type 'ament_python'
[1.554s] Level 1:colcon.colcon_core.shell:create_environment_hook('snakebot_py_code', 'ament_prefix_path')
[1.570s] INFO:colcon.colcon_core.shell:Creating environment hook '/home/hahnlam/snakebot_ws/install/snakebot_py_code/share/snakebot_py_code/hook/ament_prefix_path.ps1'
[1.570s] INFO:colcon.colcon_core.shell:Creating environment descriptor '/home/hahnlam/snakebot_ws/install/snakebot_py_code/share/snakebot_py_code/hook/ament_prefix_path.dsv'
[1.571s] INFO:colcon.colcon_core.shell:Creating environment hook '/home/hahnlam/snakebot_ws/install/snakebot_py_code/share/snakebot_py_code/hook/ament_prefix_path.sh'
[1.586s] INFO:colcon.colcon_core.shell:Skip shell extension 'powershell' for command environment: Not usable outside of PowerShell
[1.586s] DEBUG:colcon.colcon_core.shell:Skip shell extension 'dsv' for command environment
[1.641s] DEBUG:colcon.colcon_core.event_handler.log_command:Invoking command in '/home/hahnlam/snakebot_ws/build/snakebot_cpp_code': CMAKE_PREFIX_PATH=${CMAKE_PREFIX_PATH}:/home/hahnlam/snakebot_ws/install/snakebot_py_code:/opt/ros/iron /usr/bin/cmake --build /home/hahnlam/snakebot_ws/build/snakebot_cpp_code -- -j12 -l12
[1.646s] DEBUG:colcon.colcon_core.event_handler.log_command:Invoking command in '/home/hahnlam/snakebot_ws/build/snakebot_description': CMAKE_PREFIX_PATH=${CMAKE_PREFIX_PATH}:/home/hahnlam/snakebot_ws/install/snakebot_py_code:/opt/ros/iron /usr/bin/cmake --build /home/hahnlam/snakebot_ws/build/snakebot_description -- -j12 -l12
[1.921s] INFO:colcon.colcon_core.task.python.build:Building Python package in '/home/hahnlam/snakebot_ws/src/snakebot_py_code'
[1.939s] INFO:colcon.colcon_core.shell:Skip shell extension 'powershell' for command environment: Not usable outside of PowerShell
[1.939s] DEBUG:colcon.colcon_core.shell:Skip shell extension 'dsv' for command environment
[1.993s] DEBUG:colcon.colcon_core.event_handler.log_command:Invoked command in '/home/hahnlam/snakebot_ws/build/snakebot_cpp_code' returned '0': CMAKE_PREFIX_PATH=${CMAKE_PREFIX_PATH}:/home/hahnlam/snakebot_ws/install/snakebot_py_code:/opt/ros/iron /usr/bin/cmake --build /home/hahnlam/snakebot_ws/build/snakebot_cpp_code -- -j12 -l12
[1.994s] DEBUG:colcon.colcon_core.event_handler.log_command:Invoked command in '/home/hahnlam/snakebot_ws/build/snakebot_description' returned '0': CMAKE_PREFIX_PATH=${CMAKE_PREFIX_PATH}:/home/hahnlam/snakebot_ws/install/snakebot_py_code:/opt/ros/iron /usr/bin/cmake --build /home/hahnlam/snakebot_ws/build/snakebot_description -- -j12 -l12
[2.020s] DEBUG:colcon.colcon_core.event_handler.log_command:Invoking command in '/home/hahnlam/snakebot_ws/build/snakebot_cpp_code': CMAKE_PREFIX_PATH=${CMAKE_PREFIX_PATH}:/home/hahnlam/snakebot_ws/install/snakebot_py_code:/opt/ros/iron /usr/bin/cmake --install /home/hahnlam/snakebot_ws/build/snakebot_cpp_code
[2.024s] DEBUG:colcon.colcon_core.event_handler.log_command:Invoking command in '/home/hahnlam/snakebot_ws/build/snakebot_description': CMAKE_PREFIX_PATH=${CMAKE_PREFIX_PATH}:/home/hahnlam/snakebot_ws/install/snakebot_py_code:/opt/ros/iron /usr/bin/cmake --install /home/hahnlam/snakebot_ws/build/snakebot_description
[2.031s] Level 1:colcon.colcon_core.environment:create_environment_scripts_only(snakebot_cpp_code)
[2.031s] DEBUG:colcon.colcon_core.event_handler.log_command:Invoked command in '/home/hahnlam/snakebot_ws/build/snakebot_cpp_code' returned '0': CMAKE_PREFIX_PATH=${CMAKE_PREFIX_PATH}:/home/hahnlam/snakebot_ws/install/snakebot_py_code:/opt/ros/iron /usr/bin/cmake --install /home/hahnlam/snakebot_ws/build/snakebot_cpp_code
[2.058s] Level 1:colcon.colcon_core.environment:checking '/home/hahnlam/snakebot_ws/install/snakebot_cpp_code' for CMake module files
[2.059s] Level 1:colcon.colcon_core.environment:checking '/home/hahnlam/snakebot_ws/install/snakebot_cpp_code' for CMake config files
[2.059s] Level 1:colcon.colcon_core.shell:create_environment_hook('snakebot_cpp_code', 'cmake_prefix_path')
[2.075s] INFO:colcon.colcon_core.shell:Creating environment hook '/home/hahnlam/snakebot_ws/install/snakebot_cpp_code/share/snakebot_cpp_code/hook/cmake_prefix_path.ps1'
[2.075s] INFO:colcon.colcon_core.shell:Creating environment descriptor '/home/hahnlam/snakebot_ws/install/snakebot_cpp_code/share/snakebot_cpp_code/hook/cmake_prefix_path.dsv'
[2.075s] INFO:colcon.colcon_core.shell:Creating environment hook '/home/hahnlam/snakebot_ws/install/snakebot_cpp_code/share/snakebot_cpp_code/hook/cmake_prefix_path.sh'
[2.076s] Level 1:colcon.colcon_core.environment:checking '/home/hahnlam/snakebot_ws/install/snakebot_cpp_code/bin'
[2.076s] Level 1:colcon.colcon_core.environment:checking '/home/hahnlam/snakebot_ws/install/snakebot_cpp_code/lib/pkgconfig/snakebot_cpp_code.pc'
[2.077s] Level 1:colcon.colcon_core.environment:checking '/home/hahnlam/snakebot_ws/install/snakebot_cpp_code/lib/python3.10/site-packages'
[2.077s] Level 1:colcon.colcon_core.environment:checking '/home/hahnlam/snakebot_ws/install/snakebot_cpp_code/bin'
[2.093s] INFO:colcon.colcon_core.shell:Creating package script '/home/hahnlam/snakebot_ws/install/snakebot_cpp_code/share/snakebot_cpp_code/package.ps1'
[2.094s] INFO:colcon.colcon_core.shell:Creating package descriptor '/home/hahnlam/snakebot_ws/install/snakebot_cpp_code/share/snakebot_cpp_code/package.dsv'
[2.095s] INFO:colcon.colcon_core.shell:Creating package script '/home/hahnlam/snakebot_ws/install/snakebot_cpp_code/share/snakebot_cpp_code/package.sh'
[2.096s] INFO:colcon.colcon_core.shell:Creating package script '/home/hahnlam/snakebot_ws/install/snakebot_cpp_code/share/snakebot_cpp_code/package.bash'
[2.097s] INFO:colcon.colcon_core.shell:Creating package script '/home/hahnlam/snakebot_ws/install/snakebot_cpp_code/share/snakebot_cpp_code/package.zsh'
[2.097s] Level 1:colcon.colcon_core.environment:create_file_with_runtime_dependencies(/home/hahnlam/snakebot_ws/install/snakebot_cpp_code/share/colcon-core/packages/snakebot_cpp_code)
[2.101s] Level 1:colcon.colcon_core.environment:create_environment_scripts_only(snakebot_description)
[2.101s] DEBUG:colcon.colcon_core.event_handler.log_command:Invoked command in '/home/hahnlam/snakebot_ws/build/snakebot_description' returned '0': CMAKE_PREFIX_PATH=${CMAKE_PREFIX_PATH}:/home/hahnlam/snakebot_ws/install/snakebot_py_code:/opt/ros/iron /usr/bin/cmake --install /home/hahnlam/snakebot_ws/build/snakebot_description
[2.120s] Level 1:colcon.colcon_core.environment:checking '/home/hahnlam/snakebot_ws/install/snakebot_description' for CMake module files
[2.120s] Level 1:colcon.colcon_core.environment:checking '/home/hahnlam/snakebot_ws/install/snakebot_description' for CMake config files
[2.120s] Level 1:colcon.colcon_core.shell:create_environment_hook('snakebot_description', 'cmake_prefix_path')
[2.135s] INFO:colcon.colcon_core.shell:Creating environment hook '/home/hahnlam/snakebot_ws/install/snakebot_description/share/snakebot_description/hook/cmake_prefix_path.ps1'
[2.135s] INFO:colcon.colcon_core.shell:Creating environment descriptor '/home/hahnlam/snakebot_ws/install/snakebot_description/share/snakebot_description/hook/cmake_prefix_path.dsv'
[2.135s] INFO:colcon.colcon_core.shell:Creating environment hook '/home/hahnlam/snakebot_ws/install/snakebot_description/share/snakebot_description/hook/cmake_prefix_path.sh'
[2.136s] Level 1:colcon.colcon_core.environment:checking '/home/hahnlam/snakebot_ws/install/snakebot_description/bin'
[2.136s] Level 1:colcon.colcon_core.environment:checking '/home/hahnlam/snakebot_ws/install/snakebot_description/lib/pkgconfig/snakebot_description.pc'
[2.136s] Level 1:colcon.colcon_core.environment:checking '/home/hahnlam/snakebot_ws/install/snakebot_description/lib/python3.10/site-packages'
[2.137s] Level 1:colcon.colcon_core.environment:checking '/home/hahnlam/snakebot_ws/install/snakebot_description/bin'
[2.155s] INFO:colcon.colcon_core.shell:Creating package script '/home/hahnlam/snakebot_ws/install/snakebot_description/share/snakebot_description/package.ps1'
[2.155s] INFO:colcon.colcon_core.shell:Creating package descriptor '/home/hahnlam/snakebot_ws/install/snakebot_description/share/snakebot_description/package.dsv'
[2.156s] INFO:colcon.colcon_core.shell:Creating package script '/home/hahnlam/snakebot_ws/install/snakebot_description/share/snakebot_description/package.sh'
[2.156s] INFO:colcon.colcon_core.shell:Creating package script '/home/hahnlam/snakebot_ws/install/snakebot_description/share/snakebot_description/package.bash'
[2.157s] INFO:colcon.colcon_core.shell:Creating package script '/home/hahnlam/snakebot_ws/install/snakebot_description/share/snakebot_description/package.zsh'
[2.157s] Level 1:colcon.colcon_core.environment:create_file_with_runtime_dependencies(/home/hahnlam/snakebot_ws/install/snakebot_description/share/colcon-core/packages/snakebot_description)
[2.175s] Level 1:colcon.colcon_core.environment:create_environment_scripts_only(snakebot_cpp_code)
[2.194s] Level 1:colcon.colcon_core.environment:checking '/home/hahnlam/snakebot_ws/install/snakebot_cpp_code' for CMake module files
[2.195s] Level 1:colcon.colcon_core.environment:checking '/home/hahnlam/snakebot_ws/install/snakebot_cpp_code' for CMake config files
[2.195s] Level 1:colcon.colcon_core.shell:create_environment_hook('snakebot_cpp_code', 'cmake_prefix_path')
[2.208s] INFO:colcon.colcon_core.shell:Creating environment hook '/home/hahnlam/snakebot_ws/install/snakebot_cpp_code/share/snakebot_cpp_code/hook/cmake_prefix_path.ps1'
[2.209s] INFO:colcon.colcon_core.shell:Creating environment descriptor '/home/hahnlam/snakebot_ws/install/snakebot_cpp_code/share/snakebot_cpp_code/hook/cmake_prefix_path.dsv'
[2.209s] INFO:colcon.colcon_core.shell:Creating environment hook '/home/hahnlam/snakebot_ws/install/snakebot_cpp_code/share/snakebot_cpp_code/hook/cmake_prefix_path.sh'
[2.210s] Level 1:colcon.colcon_core.environment:checking '/home/hahnlam/snakebot_ws/install/snakebot_cpp_code/bin'
[2.210s] Level 1:colcon.colcon_core.environment:checking '/home/hahnlam/snakebot_ws/install/snakebot_cpp_code/lib/pkgconfig/snakebot_cpp_code.pc'
[2.210s] Level 1:colcon.colcon_core.environment:checking '/home/hahnlam/snakebot_ws/install/snakebot_cpp_code/lib/python3.10/site-packages'
[2.210s] Level 1:colcon.colcon_core.environment:checking '/home/hahnlam/snakebot_ws/install/snakebot_cpp_code/bin'
[2.232s] INFO:colcon.colcon_core.shell:Creating package script '/home/hahnlam/snakebot_ws/install/snakebot_cpp_code/share/snakebot_cpp_code/package.ps1'
[2.232s] INFO:colcon.colcon_core.shell:Creating package descriptor '/home/hahnlam/snakebot_ws/install/snakebot_cpp_code/share/snakebot_cpp_code/package.dsv'
[2.233s] INFO:colcon.colcon_core.shell:Creating package script '/home/hahnlam/snakebot_ws/install/snakebot_cpp_code/share/snakebot_cpp_code/package.sh'
[2.234s] INFO:colcon.colcon_core.shell:Creating package script '/home/hahnlam/snakebot_ws/install/snakebot_cpp_code/share/snakebot_cpp_code/package.bash'
[2.234s] INFO:colcon.colcon_core.shell:Creating package script '/home/hahnlam/snakebot_ws/install/snakebot_cpp_code/share/snakebot_cpp_code/package.zsh'
[2.234s] Level 1:colcon.colcon_core.environment:create_file_with_runtime_dependencies(/home/hahnlam/snakebot_ws/install/snakebot_cpp_code/share/colcon-core/packages/snakebot_cpp_code)
[2.253s] Level 1:colcon.colcon_core.environment:create_environment_scripts_only(snakebot_description)
[2.268s] Level 1:colcon.colcon_core.environment:checking '/home/hahnlam/snakebot_ws/install/snakebot_description' for CMake module files
[2.268s] Level 1:colcon.colcon_core.environment:checking '/home/hahnlam/snakebot_ws/install/snakebot_description' for CMake config files
[2.268s] Level 1:colcon.colcon_core.shell:create_environment_hook('snakebot_description', 'cmake_prefix_path')
[2.283s] INFO:colcon.colcon_core.shell:Creating environment hook '/home/hahnlam/snakebot_ws/install/snakebot_description/share/snakebot_description/hook/cmake_prefix_path.ps1'
[2.284s] INFO:colcon.colcon_core.shell:Creating environment descriptor '/home/hahnlam/snakebot_ws/install/snakebot_description/share/snakebot_description/hook/cmake_prefix_path.dsv'
[2.284s] INFO:colcon.colcon_core.shell:Creating environment hook '/home/hahnlam/snakebot_ws/install/snakebot_description/share/snakebot_description/hook/cmake_prefix_path.sh'
[2.285s] Level 1:colcon.colcon_core.environment:checking '/home/hahnlam/snakebot_ws/install/snakebot_description/bin'
[2.285s] Level 1:colcon.colcon_core.environment:checking '/home/hahnlam/snakebot_ws/install/snakebot_description/lib/pkgconfig/snakebot_description.pc'
[2.285s] Level 1:colcon.colcon_core.environment:checking '/home/hahnlam/snakebot_ws/install/snakebot_description/lib/python3.10/site-packages'
[2.285s] Level 1:colcon.colcon_core.environment:checking '/home/hahnlam/snakebot_ws/install/snakebot_description/bin'
[2.299s] INFO:colcon.colcon_core.shell:Creating package script '/home/hahnlam/snakebot_ws/install/snakebot_description/share/snakebot_description/package.ps1'
[2.300s] INFO:colcon.colcon_core.shell:Creating package descriptor '/home/hahnlam/snakebot_ws/install/snakebot_description/share/snakebot_description/package.dsv'
[2.301s] INFO:colcon.colcon_core.shell:Creating package script '/home/hahnlam/snakebot_ws/install/snakebot_description/share/snakebot_description/package.sh'
[2.301s] INFO:colcon.colcon_core.shell:Creating package script '/home/hahnlam/snakebot_ws/install/snakebot_description/share/snakebot_description/package.bash'
[2.301s] INFO:colcon.colcon_core.shell:Creating package script '/home/hahnlam/snakebot_ws/install/snakebot_description/share/snakebot_description/package.zsh'
[2.302s] Level 1:colcon.colcon_core.environment:create_file_with_runtime_dependencies(/home/hahnlam/snakebot_ws/install/snakebot_description/share/colcon-core/packages/snakebot_description)
[2.326s] DEBUG:colcon.colcon_core.event_handler.log_command:Invoking command in '/home/hahnlam/snakebot_ws/src/snakebot_py_code': PYTHONPATH=/home/hahnlam/snakebot_ws/build/snakebot_py_code/prefix_override:/home/hahnlam/snakebot_ws/install/snakebot_py_code/lib/python3.10/site-packages:${PYTHONPATH} /usr/bin/python3 setup.py egg_info --egg-base ../../build/snakebot_py_code build --build-base /home/hahnlam/snakebot_ws/build/snakebot_py_code/build install --record /home/hahnlam/snakebot_ws/build/snakebot_py_code/install.log --single-version-externally-managed
[2.568s] DEBUG:colcon.colcon_core.event_handler.log_command:Invoked command in '/home/hahnlam/snakebot_ws/src/snakebot_py_code' returned '0': PYTHONPATH=/home/hahnlam/snakebot_ws/build/snakebot_py_code/prefix_override:/home/hahnlam/snakebot_ws/install/snakebot_py_code/lib/python3.10/site-packages:${PYTHONPATH} /usr/bin/python3 setup.py egg_info --egg-base ../../build/snakebot_py_code build --build-base /home/hahnlam/snakebot_ws/build/snakebot_py_code/build install --record /home/hahnlam/snakebot_ws/build/snakebot_py_code/install.log --single-version-externally-managed
[2.583s] Level 1:colcon.colcon_core.environment:checking '/home/hahnlam/snakebot_ws/install/snakebot_py_code' for CMake module files
[2.584s] Level 1:colcon.colcon_core.environment:checking '/home/hahnlam/snakebot_ws/install/snakebot_py_code' for CMake config files
[2.584s] Level 1:colcon.colcon_core.environment:checking '/home/hahnlam/snakebot_ws/install/snakebot_py_code/lib'
[2.584s] Level 1:colcon.colcon_core.environment:checking '/home/hahnlam/snakebot_ws/install/snakebot_py_code/bin'
[2.584s] Level 1:colcon.colcon_core.environment:checking '/home/hahnlam/snakebot_ws/install/snakebot_py_code/lib/pkgconfig/snakebot_py_code.pc'
[2.585s] Level 1:colcon.colcon_core.environment:checking '/home/hahnlam/snakebot_ws/install/snakebot_py_code/lib/python3.10/site-packages'
[2.585s] Level 1:colcon.colcon_core.shell:create_environment_hook('snakebot_py_code', 'pythonpath')
[2.599s] INFO:colcon.colcon_core.shell:Creating environment hook '/home/hahnlam/snakebot_ws/install/snakebot_py_code/share/snakebot_py_code/hook/pythonpath.ps1'
[2.599s] INFO:colcon.colcon_core.shell:Creating environment descriptor '/home/hahnlam/snakebot_ws/install/snakebot_py_code/share/snakebot_py_code/hook/pythonpath.dsv'
[2.599s] INFO:colcon.colcon_core.shell:Creating environment hook '/home/hahnlam/snakebot_ws/install/snakebot_py_code/share/snakebot_py_code/hook/pythonpath.sh'
[2.600s] Level 1:colcon.colcon_core.environment:checking '/home/hahnlam/snakebot_ws/install/snakebot_py_code/bin'
[2.600s] Level 1:colcon.colcon_core.environment:create_environment_scripts_only(snakebot_py_code)
[2.614s] INFO:colcon.colcon_core.shell:Creating package script '/home/hahnlam/snakebot_ws/install/snakebot_py_code/share/snakebot_py_code/package.ps1'
[2.615s] INFO:colcon.colcon_core.shell:Creating package descriptor '/home/hahnlam/snakebot_ws/install/snakebot_py_code/share/snakebot_py_code/package.dsv'
[2.615s] INFO:colcon.colcon_core.shell:Creating package script '/home/hahnlam/snakebot_ws/install/snakebot_py_code/share/snakebot_py_code/package.sh'
[2.616s] INFO:colcon.colcon_core.shell:Creating package script '/home/hahnlam/snakebot_ws/install/snakebot_py_code/share/snakebot_py_code/package.bash'
[2.616s] INFO:colcon.colcon_core.shell:Creating package script '/home/hahnlam/snakebot_ws/install/snakebot_py_code/share/snakebot_py_code/package.zsh'
[2.617s] Level 1:colcon.colcon_core.environment:create_file_with_runtime_dependencies(/home/hahnlam/snakebot_ws/install/snakebot_py_code/share/colcon-core/packages/snakebot_py_code)
[2.618s] DEBUG:colcon.colcon_parallel_executor.executor.parallel:closing loop
[2.618s] DEBUG:colcon.colcon_parallel_executor.executor.parallel:loop closed
[2.618s] DEBUG:colcon.colcon_parallel_executor.executor.parallel:run_until_complete finished with '0'
[2.619s] DEBUG:colcon.colcon_core.event_reactor:joining thread
[2.708s] INFO:colcon.colcon_core.plugin_system:Skipping extension 'colcon_notification.desktop_notification.notify_send': Could not find 'notify-send'
[2.708s] INFO:colcon.colcon_core.plugin_system:Skipping extension 'colcon_notification.desktop_notification.terminal_notifier': Not used on non-Darwin systems
[2.708s] INFO:colcon.colcon_core.plugin_system:Skipping extension 'colcon_notification.desktop_notification.win32': Not used on non-Windows systems
[2.708s] INFO:colcon.colcon_notification.desktop_notification:Sending desktop notification using 'notify2'
[2.708s] DEBUG:colcon.colcon_notification.desktop_notification.notify2:Failed to initialize notify2: org.freedesktop.DBus.Error.FileNotFound: Failed to connect to socket /run/user/1000/bus: No such file or directory
[2.708s] DEBUG:colcon.colcon_core.event_reactor:joined thread
[2.723s] INFO:colcon.colcon_core.shell:Creating prefix script '/home/hahnlam/snakebot_ws/install/local_setup.ps1'
[2.724s] INFO:colcon.colcon_core.shell:Creating prefix util module '/home/hahnlam/snakebot_ws/install/_local_setup_util_ps1.py'
[2.725s] INFO:colcon.colcon_core.shell:Creating prefix chain script '/home/hahnlam/snakebot_ws/install/setup.ps1'
[2.740s] INFO:colcon.colcon_core.shell:Creating prefix script '/home/hahnlam/snakebot_ws/install/local_setup.sh'
[2.740s] INFO:colcon.colcon_core.shell:Creating prefix util module '/home/hahnlam/snakebot_ws/install/_local_setup_util_sh.py'
[2.740s] INFO:colcon.colcon_core.shell:Creating prefix chain script '/home/hahnlam/snakebot_ws/install/setup.sh'
[2.756s] INFO:colcon.colcon_core.shell:Creating prefix script '/home/hahnlam/snakebot_ws/install/local_setup.bash'
[2.756s] INFO:colcon.colcon_core.shell:Creating prefix chain script '/home/hahnlam/snakebot_ws/install/setup.bash'
[2.772s] INFO:colcon.colcon_core.shell:Creating prefix script '/home/hahnlam/snakebot_ws/install/local_setup.zsh'
[2.773s] INFO:colcon.colcon_core.shell:Creating prefix chain script '/home/hahnlam/snakebot_ws/install/setup.zsh'
