running egg_info
creating ../../build/snakebot_py_code/snakebot_py_code.egg-info
writing ../../build/snakebot_py_code/snakebot_py_code.egg-info/PKG-INFO
writing dependency_links to ../../build/snakebot_py_code/snakebot_py_code.egg-info/dependency_links.txt
writing entry points to ../../build/snakebot_py_code/snakebot_py_code.egg-info/entry_points.txt
writing requirements to ../../build/snakebot_py_code/snakebot_py_code.egg-info/requires.txt
writing top-level names to ../../build/snakebot_py_code/snakebot_py_code.egg-info/top_level.txt
writing manifest file '../../build/snakebot_py_code/snakebot_py_code.egg-info/SOURCES.txt'
reading manifest file '../../build/snakebot_py_code/snakebot_py_code.egg-info/SOURCES.txt'
writing manifest file '../../build/snakebot_py_code/snakebot_py_code.egg-info/SOURCES.txt'
running build
running build_py
creating /home/hahnlam/snakebot_ws/build/snakebot_py_code/build
creating /home/hahnlam/snakebot_ws/build/snakebot_py_code/build/lib
creating /home/hahnlam/snakebot_ws/build/snakebot_py_code/build/lib/snakebot_py_code
copying snakebot_py_code/__init__.py -> /home/hahnlam/snakebot_ws/build/snakebot_py_code/build/lib/snakebot_py_code
running install
running install_lib
creating /home/hahnlam/snakebot_ws/install/snakebot_py_code/lib/python3.10/site-packages/snakebot_py_code
copying /home/hahnlam/snakebot_ws/build/snakebot_py_code/build/lib/snakebot_py_code/__init__.py -> /home/hahnlam/snakebot_ws/install/snakebot_py_code/lib/python3.10/site-packages/snakebot_py_code
byte-compiling /home/hahnlam/snakebot_ws/install/snakebot_py_code/lib/python3.10/site-packages/snakebot_py_code/__init__.py to __init__.cpython-310.pyc
running install_data
creating /home/hahnlam/snakebot_ws/install/snakebot_py_code/share/ament_index
creating /home/hahnlam/snakebot_ws/install/snakebot_py_code/share/ament_index/resource_index
creating /home/hahnlam/snakebot_ws/install/snakebot_py_code/share/ament_index/resource_index/packages
copying resource/snakebot_py_code -> /home/hahnlam/snakebot_ws/install/snakebot_py_code/share/ament_index/resource_index/packages
copying package.xml -> /home/hahnlam/snakebot_ws/install/snakebot_py_code/share/snakebot_py_code
running install_egg_info
Copying ../../build/snakebot_py_code/snakebot_py_code.egg-info to /home/hahnlam/snakebot_ws/install/snakebot_py_code/lib/python3.10/site-packages/snakebot_py_code-0.0.0-py3.10.egg-info
running install_scripts
writing list of installed files to '/home/hahnlam/snakebot_ws/build/snakebot_py_code/install.log'
