[0.585s] Invoking command in '/home/hahnlam/snakebot_ws/src/snakebot_py_code': PYTHONPATH=/home/hahnlam/snakebot_ws/build/snakebot_py_code/prefix_override:/home/hahnlam/snakebot_ws/install/snakebot_py_code/lib/python3.10/site-packages:${PYTHONPATH} /usr/bin/python3 setup.py egg_info --egg-base ../../build/snakebot_py_code build --build-base /home/hahnlam/snakebot_ws/build/snakebot_py_code/build install --record /home/hahnlam/snakebot_ws/build/snakebot_py_code/install.log --single-version-externally-managed
[0.771s] running egg_info
[0.771s] creating ../../build/snakebot_py_code/snakebot_py_code.egg-info
[0.772s] writing ../../build/snakebot_py_code/snakebot_py_code.egg-info/PKG-INFO
[0.772s] writing dependency_links to ../../build/snakebot_py_code/snakebot_py_code.egg-info/dependency_links.txt
[0.772s] writing entry points to ../../build/snakebot_py_code/snakebot_py_code.egg-info/entry_points.txt
[0.772s] writing requirements to ../../build/snakebot_py_code/snakebot_py_code.egg-info/requires.txt
[0.772s] writing top-level names to ../../build/snakebot_py_code/snakebot_py_code.egg-info/top_level.txt
[0.773s] writing manifest file '../../build/snakebot_py_code/snakebot_py_code.egg-info/SOURCES.txt'
[0.774s] reading manifest file '../../build/snakebot_py_code/snakebot_py_code.egg-info/SOURCES.txt'
[0.774s] writing manifest file '../../build/snakebot_py_code/snakebot_py_code.egg-info/SOURCES.txt'
[0.774s] running build
[0.775s] running build_py
[0.775s] creating /home/hahnlam/snakebot_ws/build/snakebot_py_code/build
[0.775s] creating /home/hahnlam/snakebot_ws/build/snakebot_py_code/build/lib
[0.775s] creating /home/hahnlam/snakebot_ws/build/snakebot_py_code/build/lib/snakebot_py_code
[0.775s] copying snakebot_py_code/__init__.py -> /home/hahnlam/snakebot_ws/build/snakebot_py_code/build/lib/snakebot_py_code
[0.775s] running install
[0.776s] /usr/lib/python3/dist-packages/setuptools/command/install.py:34: SetuptoolsDeprecationWarning: setup.py install is deprecated. Use build and pip and other standards-based tools.
[0.776s]   warnings.warn(
[0.776s] running install_lib
[0.776s] creating /home/hahnlam/snakebot_ws/install/snakebot_py_code/lib/python3.10/site-packages/snakebot_py_code
[0.776s] copying /home/hahnlam/snakebot_ws/build/snakebot_py_code/build/lib/snakebot_py_code/__init__.py -> /home/hahnlam/snakebot_ws/install/snakebot_py_code/lib/python3.10/site-packages/snakebot_py_code
[0.776s] byte-compiling /home/hahnlam/snakebot_ws/install/snakebot_py_code/lib/python3.10/site-packages/snakebot_py_code/__init__.py to __init__.cpython-310.pyc
[0.777s] running install_data
[0.777s] creating /home/hahnlam/snakebot_ws/install/snakebot_py_code/share/ament_index
[0.777s] creating /home/hahnlam/snakebot_ws/install/snakebot_py_code/share/ament_index/resource_index
[0.777s] creating /home/hahnlam/snakebot_ws/install/snakebot_py_code/share/ament_index/resource_index/packages
[0.777s] copying resource/snakebot_py_code -> /home/hahnlam/snakebot_ws/install/snakebot_py_code/share/ament_index/resource_index/packages
[0.778s] copying package.xml -> /home/hahnlam/snakebot_ws/install/snakebot_py_code/share/snakebot_py_code
[0.778s] running install_egg_info
[0.779s] Copying ../../build/snakebot_py_code/snakebot_py_code.egg-info to /home/hahnlam/snakebot_ws/install/snakebot_py_code/lib/python3.10/site-packages/snakebot_py_code-0.0.0-py3.10.egg-info
[0.779s] running install_scripts
[0.795s] writing list of installed files to '/home/hahnlam/snakebot_ws/build/snakebot_py_code/install.log'
[0.814s] Invoked command in '/home/hahnlam/snakebot_ws/src/snakebot_py_code' returned '0': PYTHONPATH=/home/hahnlam/snakebot_ws/build/snakebot_py_code/prefix_override:/home/hahnlam/snakebot_ws/install/snakebot_py_code/lib/python3.10/site-packages:${PYTHONPATH} /usr/bin/python3 setup.py egg_info --egg-base ../../build/snakebot_py_code build --build-base /home/hahnlam/snakebot_ws/build/snakebot_py_code/build install --record /home/hahnlam/snakebot_ws/build/snakebot_py_code/install.log --single-version-externally-managed
