[0.166s] Invoking command in '/home/hahnlam/snakebot_ws/build/snakebot_description': CMAKE_PREFIX_PATH=${CMAKE_PREFIX_PATH}:/home/hahnlam/snakebot_ws/install/snakebot_py_code:/opt/ros/iron /usr/bin/cmake --build /home/hahnlam/snakebot_ws/build/snakebot_description -- -j12 -l12
[0.177s] -- Found ament_cmake: 2.0.3 (/opt/ros/iron/share/ament_cmake/cmake)
[0.307s] -- Found ament_lint_auto: 0.14.2 (/opt/ros/iron/share/ament_lint_auto/cmake)
[0.373s] -- Added test 'flake8' to check Python code syntax and style conventions
[0.373s] -- Configured 'flake8' exclude dirs and/or files: 
[0.374s] -- Added test 'lint_cmake' to check CMake code style
[0.374s] -- Added test 'pep257' to check Python code against some of the docstring style conventions in PEP 257
[0.375s] -- Added test 'xmllint' to check XML markup files
[0.375s] -- Configuring done
[0.380s] -- Generating done
[0.382s] -- Build files have been written to: /home/hahnlam/snakebot_ws/build/snakebot_description
[0.491s] Invoked command in '/home/hahnlam/snakebot_ws/build/snakebot_description' returned '0': CMAKE_PREFIX_PATH=${CMAKE_PREFIX_PATH}:/home/hahnlam/snakebot_ws/install/snakebot_py_code:/opt/ros/iron /usr/bin/cmake --build /home/hahnlam/snakebot_ws/build/snakebot_description -- -j12 -l12
[0.520s] Invoking command in '/home/hahnlam/snakebot_ws/build/snakebot_description': CMAKE_PREFIX_PATH=${CMAKE_PREFIX_PATH}:/home/hahnlam/snakebot_ws/install/snakebot_py_code:/opt/ros/iron /usr/bin/cmake --install /home/hahnlam/snakebot_ws/build/snakebot_description
[0.527s] -- Install configuration: ""
[0.527s] -- Up-to-date: /home/hahnlam/snakebot_ws/install/snakebot_description/share/snakebot_description/meshes
[0.527s] -- Up-to-date: /home/hahnlam/snakebot_ws/install/snakebot_description/share/snakebot_description/meshes/full_module.stl
[0.528s] -- Up-to-date: /home/hahnlam/snakebot_ws/install/snakebot_description/share/snakebot_description/meshes/Servo Bevel Gear_MG966R - X8 .stl
[0.528s] -- Up-to-date: /home/hahnlam/snakebot_ws/install/snakebot_description/share/snakebot_description/meshes/Cross v4 - X3.3mf
[0.528s] -- Up-to-date: /home/hahnlam/snakebot_ws/install/snakebot_description/share/snakebot_description/meshes/Mid Bracket.stl
[0.528s] -- Up-to-date: /home/hahnlam/snakebot_ws/install/snakebot_description/share/snakebot_description/meshes/Servo Bevel Gear_MG966R - X8 .3mf
[0.529s] -- Up-to-date: /home/hahnlam/snakebot_ws/install/snakebot_description/share/snakebot_description/meshes/Universal Joint X4 .3mf
[0.529s] -- Up-to-date: /home/hahnlam/snakebot_ws/install/snakebot_description/share/snakebot_description/meshes/Cross v4 - X3.stl
[0.529s] -- Up-to-date: /home/hahnlam/snakebot_ws/install/snakebot_description/share/snakebot_description/meshes/Mid Bracket.3mf
[0.530s] -- Up-to-date: /home/hahnlam/snakebot_ws/install/snakebot_description/share/snakebot_description/meshes/Top Bracket.stl
[0.530s] -- Up-to-date: /home/hahnlam/snakebot_ws/install/snakebot_description/share/snakebot_description/meshes/Top Bracket.3mf
[0.530s] -- Up-to-date: /home/hahnlam/snakebot_ws/install/snakebot_description/share/snakebot_description/meshes/bottom_bracket.stl
[0.530s] -- Up-to-date: /home/hahnlam/snakebot_ws/install/snakebot_description/share/snakebot_description/meshes/Universal Joint X4 .stl
[0.530s] -- Up-to-date: /home/hahnlam/snakebot_ws/install/snakebot_description/share/snakebot_description/meshes/Bottom Bracket.3mf
[0.530s] -- Up-to-date: /home/hahnlam/snakebot_ws/install/snakebot_description/share/snakebot_description/urdf
[0.531s] -- Up-to-date: /home/hahnlam/snakebot_ws/install/snakebot_description/share/snakebot_description/urdf/snakebot.urdf.xacro
[0.531s] -- Up-to-date: /home/hahnlam/snakebot_ws/install/snakebot_description/share/snakebot_description/urdf/simplified_snakebot_core.xacro
[0.532s] -- Up-to-date: /home/hahnlam/snakebot_ws/install/snakebot_description/share/snakebot_description/urdf/simplified_snakebot.urdf.xacro
[0.532s] -- Up-to-date: /home/hahnlam/snakebot_ws/install/snakebot_description/share/snakebot_description/launch
[0.532s] -- Up-to-date: /home/hahnlam/snakebot_ws/install/snakebot_description/share/snakebot_description/launch/display.launch.py
[0.533s] -- Up-to-date: /home/hahnlam/snakebot_ws/install/snakebot_description/share/snakebot_description/launch/rsp.launch.py
[0.533s] -- Up-to-date: /home/hahnlam/snakebot_ws/install/snakebot_description/share/snakebot_description/rviz
[0.533s] -- Up-to-date: /home/hahnlam/snakebot_ws/install/snakebot_description/share/snakebot_description/rviz/display.rviz
[0.533s] -- Installing: /home/hahnlam/snakebot_ws/install/snakebot_description/share/ament_index/resource_index/package_run_dependencies/snakebot_description
[0.533s] -- Up-to-date: /home/hahnlam/snakebot_ws/install/snakebot_description/share/ament_index/resource_index/parent_prefix_path/snakebot_description
[0.533s] -- Up-to-date: /home/hahnlam/snakebot_ws/install/snakebot_description/share/snakebot_description/environment/ament_prefix_path.sh
[0.534s] -- Up-to-date: /home/hahnlam/snakebot_ws/install/snakebot_description/share/snakebot_description/environment/ament_prefix_path.dsv
[0.534s] -- Up-to-date: /home/hahnlam/snakebot_ws/install/snakebot_description/share/snakebot_description/environment/path.sh
[0.534s] -- Up-to-date: /home/hahnlam/snakebot_ws/install/snakebot_description/share/snakebot_description/environment/path.dsv
[0.535s] -- Up-to-date: /home/hahnlam/snakebot_ws/install/snakebot_description/share/snakebot_description/local_setup.bash
[0.535s] -- Up-to-date: /home/hahnlam/snakebot_ws/install/snakebot_description/share/snakebot_description/local_setup.sh
[0.535s] -- Up-to-date: /home/hahnlam/snakebot_ws/install/snakebot_description/share/snakebot_description/local_setup.zsh
[0.535s] -- Up-to-date: /home/hahnlam/snakebot_ws/install/snakebot_description/share/snakebot_description/local_setup.dsv
[0.535s] -- Installing: /home/hahnlam/snakebot_ws/install/snakebot_description/share/snakebot_description/package.dsv
[0.535s] -- Up-to-date: /home/hahnlam/snakebot_ws/install/snakebot_description/share/ament_index/resource_index/packages/snakebot_description
[0.536s] -- Up-to-date: /home/hahnlam/snakebot_ws/install/snakebot_description/share/snakebot_description/cmake/snakebot_descriptionConfig.cmake
[0.536s] -- Up-to-date: /home/hahnlam/snakebot_ws/install/snakebot_description/share/snakebot_description/cmake/snakebot_descriptionConfig-version.cmake
[0.536s] -- Installing: /home/hahnlam/snakebot_ws/install/snakebot_description/share/snakebot_description/package.xml
[0.597s] Invoked command in '/home/hahnlam/snakebot_ws/build/snakebot_description' returned '0': CMAKE_PREFIX_PATH=${CMAKE_PREFIX_PATH}:/home/hahnlam/snakebot_ws/install/snakebot_py_code:/opt/ros/iron /usr/bin/cmake --install /home/hahnlam/snakebot_ws/build/snakebot_description
